  [1m[35m (323.3ms)[0m  [1m[35mCREATE DATABASE "polls_app_development" ENCODING = 'unicode'[0m
  [1m[35m (83.3ms)[0m  [1m[35mCREATE DATABASE "polls_app_test" ENCODING = 'unicode'[0m
  [1m[35m (12.2ms)[0m  [1m[35mCREATE TABLE "schema_migrations" ("version" character varying NOT NULL PRIMARY KEY)[0m
  [1m[35m (6.6ms)[0m  [1m[35mCREATE TABLE "ar_internal_metadata" ("key" character varying NOT NULL PRIMARY KEY, "value" character varying, "created_at" timestamp(6) NOT NULL, "updated_at" timestamp(6) NOT NULL)[0m
  [1m[35m (0.2ms)[0m  [1m[34mSELECT pg_try_advisory_lock(4042686100896465855)[0m
  [1m[36mActiveRecord::SchemaMigration Pluck (0.4ms)[0m  [1m[34mSELECT "schema_migrations"."version" FROM "schema_migrations" ORDER BY "schema_migrations"."version" ASC[0m
Migrating to CreateUsers (20230213192342)
  [1m[36mTRANSACTION (0.2ms)[0m  [1m[35mBEGIN[0m
  [1m[35m (3.6ms)[0m  [1m[35mCREATE TABLE "users" ("id" bigserial primary key, "username" character varying NOT NULL, "created_at" timestamp(6) NOT NULL, "updated_at" timestamp(6) NOT NULL)[0m
  [1m[36mActiveRecord::SchemaMigration Create (0.6ms)[0m  [1m[32mINSERT INTO "schema_migrations" ("version") VALUES ($1) RETURNING "version"[0m  [["version", "20230213192342"]]
  [1m[36mTRANSACTION (0.4ms)[0m  [1m[35mCOMMIT[0m
  [1m[36mActiveRecord::InternalMetadata Load (0.3ms)[0m  [1m[34mSELECT "ar_internal_metadata".* FROM "ar_internal_metadata" WHERE "ar_internal_metadata"."key" = $1 LIMIT $2[0m  [["key", "environment"], ["LIMIT", 1]]
  [1m[36mTRANSACTION (0.3ms)[0m  [1m[35mBEGIN[0m
  [1m[36mActiveRecord::InternalMetadata Create (0.6ms)[0m  [1m[32mINSERT INTO "ar_internal_metadata" ("key", "value", "created_at", "updated_at") VALUES ($1, $2, $3, $4) RETURNING "key"[0m  [["key", "environment"], ["value", "development"], ["created_at", "2023-02-13 19:25:28.225739"], ["updated_at", "2023-02-13 19:25:28.225739"]]
  [1m[36mTRANSACTION (0.4ms)[0m  [1m[35mCOMMIT[0m
  [1m[35m (0.3ms)[0m  [1m[34mSELECT pg_advisory_unlock(4042686100896465855)[0m
  [1m[36mActiveRecord::SchemaMigration Pluck (0.8ms)[0m  [1m[34mSELECT "schema_migrations"."version" FROM "schema_migrations" ORDER BY "schema_migrations"."version" ASC[0m
  [1m[35m (0.2ms)[0m  [1m[34mSELECT pg_try_advisory_lock(4042686100896465855)[0m
  [1m[36mActiveRecord::SchemaMigration Pluck (0.5ms)[0m  [1m[34mSELECT "schema_migrations"."version" FROM "schema_migrations" ORDER BY "schema_migrations"."version" ASC[0m
Migrating to CreatePolls (20230213192603)
  [1m[35m (0.2ms)[0m  [1m[34mSELECT pg_advisory_unlock(4042686100896465855)[0m
  [1m[35m (0.2ms)[0m  [1m[34mSELECT pg_try_advisory_lock(4042686100896465855)[0m
  [1m[36mActiveRecord::SchemaMigration Pluck (0.6ms)[0m  [1m[34mSELECT "schema_migrations"."version" FROM "schema_migrations" ORDER BY "schema_migrations"."version" ASC[0m
Migrating to CreatePolls (20230213192603)
  [1m[36mTRANSACTION (0.2ms)[0m  [1m[35mBEGIN[0m
  [1m[35m (6.6ms)[0m  [1m[35mCREATE TABLE "polls" ("id" bigserial primary key, "title" text NOT NULL, "author_id" bigint NOT NULL, "created_at" timestamp(6) NOT NULL, "updated_at" timestamp(6) NOT NULL, CONSTRAINT "fk_rails_0bfc525c5b"
FOREIGN KEY ("author_id")
  REFERENCES "users" ("id")
)[0m
  [1m[35m (1.2ms)[0m  [1m[35mCREATE INDEX "index_polls_on_author_id" ON "polls" ("author_id")[0m
  [1m[36mActiveRecord::SchemaMigration Create (0.9ms)[0m  [1m[32mINSERT INTO "schema_migrations" ("version") VALUES ($1) RETURNING "version"[0m  [["version", "20230213192603"]]
  [1m[36mTRANSACTION (0.6ms)[0m  [1m[35mCOMMIT[0m
  [1m[36mActiveRecord::InternalMetadata Load (0.3ms)[0m  [1m[34mSELECT "ar_internal_metadata".* FROM "ar_internal_metadata" WHERE "ar_internal_metadata"."key" = $1 LIMIT $2[0m  [["key", "environment"], ["LIMIT", 1]]
  [1m[35m (0.4ms)[0m  [1m[34mSELECT pg_advisory_unlock(4042686100896465855)[0m
  [1m[36mActiveRecord::SchemaMigration Pluck (0.7ms)[0m  [1m[34mSELECT "schema_migrations"."version" FROM "schema_migrations" ORDER BY "schema_migrations"."version" ASC[0m
  [1m[35m (0.2ms)[0m  [1m[34mSELECT pg_try_advisory_lock(4042686100896465855)[0m
  [1m[36mActiveRecord::SchemaMigration Pluck (0.5ms)[0m  [1m[34mSELECT "schema_migrations"."version" FROM "schema_migrations" ORDER BY "schema_migrations"."version" ASC[0m
Migrating to CreateQuestions (20230213192822)
  [1m[36mTRANSACTION (0.2ms)[0m  [1m[35mBEGIN[0m
  [1m[35m (5.1ms)[0m  [1m[35mCREATE TABLE "questions" ("id" bigserial primary key, "body" text, "poll_id" bigint NOT NULL, "created_at" timestamp(6) NOT NULL, "updated_at" timestamp(6) NOT NULL, CONSTRAINT "fk_rails_6c530c0079"
FOREIGN KEY ("poll_id")
  REFERENCES "polls" ("id")
)[0m
  [1m[35m (1.2ms)[0m  [1m[35mCREATE INDEX "index_questions_on_poll_id" ON "questions" ("poll_id")[0m
  [1m[36mActiveRecord::SchemaMigration Create (0.4ms)[0m  [1m[32mINSERT INTO "schema_migrations" ("version") VALUES ($1) RETURNING "version"[0m  [["version", "20230213192822"]]
  [1m[36mTRANSACTION (0.5ms)[0m  [1m[35mCOMMIT[0m
  [1m[36mActiveRecord::InternalMetadata Load (0.3ms)[0m  [1m[34mSELECT "ar_internal_metadata".* FROM "ar_internal_metadata" WHERE "ar_internal_metadata"."key" = $1 LIMIT $2[0m  [["key", "environment"], ["LIMIT", 1]]
  [1m[35m (0.3ms)[0m  [1m[34mSELECT pg_advisory_unlock(4042686100896465855)[0m
  [1m[36mActiveRecord::SchemaMigration Pluck (0.9ms)[0m  [1m[34mSELECT "schema_migrations"."version" FROM "schema_migrations" ORDER BY "schema_migrations"."version" ASC[0m
  [1m[35m (0.2ms)[0m  [1m[34mSELECT pg_try_advisory_lock(4042686100896465855)[0m
  [1m[36mActiveRecord::SchemaMigration Pluck (0.6ms)[0m  [1m[34mSELECT "schema_migrations"."version" FROM "schema_migrations" ORDER BY "schema_migrations"."version" ASC[0m
Migrating to CreateAnswerChoices (20230213193151)
  [1m[36mTRANSACTION (0.2ms)[0m  [1m[35mBEGIN[0m
  [1m[35m (5.8ms)[0m  [1m[35mCREATE TABLE "answer_choices" ("id" bigserial primary key, "body" text NOT NULL, "question_id" bigint NOT NULL, "created_at" timestamp(6) NOT NULL, "updated_at" timestamp(6) NOT NULL, CONSTRAINT "fk_rails_07edaa26da"
FOREIGN KEY ("question_id")
  REFERENCES "questions" ("id")
)[0m
  [1m[35m (1.5ms)[0m  [1m[35mCREATE INDEX "index_answer_choices_on_question_id" ON "answer_choices" ("question_id")[0m
  [1m[36mActiveRecord::SchemaMigration Create (0.4ms)[0m  [1m[32mINSERT INTO "schema_migrations" ("version") VALUES ($1) RETURNING "version"[0m  [["version", "20230213193151"]]
  [1m[36mTRANSACTION (0.5ms)[0m  [1m[35mCOMMIT[0m
  [1m[36mActiveRecord::InternalMetadata Load (0.3ms)[0m  [1m[34mSELECT "ar_internal_metadata".* FROM "ar_internal_metadata" WHERE "ar_internal_metadata"."key" = $1 LIMIT $2[0m  [["key", "environment"], ["LIMIT", 1]]
  [1m[35m (0.5ms)[0m  [1m[34mSELECT pg_advisory_unlock(4042686100896465855)[0m
  [1m[36mActiveRecord::SchemaMigration Pluck (0.5ms)[0m  [1m[34mSELECT "schema_migrations"."version" FROM "schema_migrations" ORDER BY "schema_migrations"."version" ASC[0m
  [1m[35m (0.2ms)[0m  [1m[34mSELECT pg_try_advisory_lock(4042686100896465855)[0m
  [1m[36mActiveRecord::SchemaMigration Pluck (0.6ms)[0m  [1m[34mSELECT "schema_migrations"."version" FROM "schema_migrations" ORDER BY "schema_migrations"."version" ASC[0m
Migrating to CreateResponses (20230213193302)
  [1m[36mTRANSACTION (0.1ms)[0m  [1m[35mBEGIN[0m
  [1m[35m (4.7ms)[0m  [1m[35mCREATE TABLE "responses" ("id" bigserial primary key, "respondent_id" bigint NOT NULL, "answer_choice_id" bigint NOT NULL, "created_at" timestamp(6) NOT NULL, "updated_at" timestamp(6) NOT NULL, CONSTRAINT "fk_rails_79daa9bb2b"
FOREIGN KEY ("respondent_id")
  REFERENCES "users" ("id")
, CONSTRAINT "fk_rails_6c6c7309e0"
FOREIGN KEY ("answer_choice_id")
  REFERENCES "answer_choices" ("id")
)[0m
  [1m[35m (0.9ms)[0m  [1m[35mCREATE INDEX "index_responses_on_respondent_id" ON "responses" ("respondent_id")[0m
  [1m[35m (0.9ms)[0m  [1m[35mCREATE INDEX "index_responses_on_answer_choice_id" ON "responses" ("answer_choice_id")[0m
  [1m[36mActiveRecord::SchemaMigration Create (0.5ms)[0m  [1m[32mINSERT INTO "schema_migrations" ("version") VALUES ($1) RETURNING "version"[0m  [["version", "20230213193302"]]
  [1m[36mTRANSACTION (0.5ms)[0m  [1m[35mCOMMIT[0m
  [1m[36mActiveRecord::InternalMetadata Load (0.3ms)[0m  [1m[34mSELECT "ar_internal_metadata".* FROM "ar_internal_metadata" WHERE "ar_internal_metadata"."key" = $1 LIMIT $2[0m  [["key", "environment"], ["LIMIT", 1]]
  [1m[35m (0.2ms)[0m  [1m[34mSELECT pg_advisory_unlock(4042686100896465855)[0m
  [1m[36mActiveRecord::SchemaMigration Pluck (1.0ms)[0m  [1m[34mSELECT "schema_migrations"."version" FROM "schema_migrations" ORDER BY "schema_migrations"."version" ASC[0m
  [1m[36mActiveRecord::SchemaMigration Pluck (0.6ms)[0m  [1m[34mSELECT "schema_migrations"."version" FROM "schema_migrations" ORDER BY "schema_migrations"."version" ASC[0m
  [1m[36mActiveRecord::SchemaMigration Pluck (0.6ms)[0m  [1m[34mSELECT "schema_migrations"."version" FROM "schema_migrations" ORDER BY "schema_migrations"."version" ASC[0m
  [1m[36mTRANSACTION (0.2ms)[0m  [1m[35mBEGIN[0m
  [1m[36mUser Load (1.4ms)[0m  [1m[34mSELECT "users".* FROM "users"[0m
  [1m[36mPoll Load (3.6ms)[0m  [1m[34mSELECT "polls".* FROM "polls"[0m
  [1m[36mQuestion Load (3.3ms)[0m  [1m[34mSELECT "questions".* FROM "questions"[0m
  [1m[36mAnswerChoice Load (3.7ms)[0m  [1m[34mSELECT "answer_choices".* FROM "answer_choices"[0m
  [1m[36mTRANSACTION (0.3ms)[0m  [1m[31mROLLBACK[0m
  [1m[36mActiveRecord::SchemaMigration Pluck (0.6ms)[0m  [1m[34mSELECT "schema_migrations"."version" FROM "schema_migrations" ORDER BY "schema_migrations"."version" ASC[0m
  [1m[36mTRANSACTION (0.2ms)[0m  [1m[35mBEGIN[0m
  [1m[36mUser Load (0.7ms)[0m  [1m[34mSELECT "users".* FROM "users"[0m
  [1m[36mPoll Load (0.5ms)[0m  [1m[34mSELECT "polls".* FROM "polls"[0m
  [1m[36mQuestion Load (0.3ms)[0m  [1m[34mSELECT "questions".* FROM "questions"[0m
  [1m[36mAnswerChoice Load (0.4ms)[0m  [1m[34mSELECT "answer_choices".* FROM "answer_choices"[0m
  [1m[36mResponse Load (1.5ms)[0m  [1m[34mSELECT "responses".* FROM "responses"[0m
  [1m[36mUser Create (2.4ms)[0m  [1m[32mINSERT INTO "users" ("username", "created_at", "updated_at") VALUES ($1, $2, $3) RETURNING "id"[0m  [["username", "Zahin"], ["created_at", "2023-02-13 21:10:23.592104"], ["updated_at", "2023-02-13 21:10:23.592104"]]
  [1m[36mUser Create (0.3ms)[0m  [1m[32mINSERT INTO "users" ("username", "created_at", "updated_at") VALUES ($1, $2, $3) RETURNING "id"[0m  [["username", "Gary"], ["created_at", "2023-02-13 21:10:23.597002"], ["updated_at", "2023-02-13 21:10:23.597002"]]
  [1m[36mUser Create (0.1ms)[0m  [1m[32mINSERT INTO "users" ("username", "created_at", "updated_at") VALUES ($1, $2, $3) RETURNING "id"[0m  [["username", "Alvin"], ["created_at", "2023-02-13 21:10:23.598239"], ["updated_at", "2023-02-13 21:10:23.598239"]]
  [1m[36mPoll Create (10.7ms)[0m  [1m[32mINSERT INTO "polls" ("title", "author_id", "created_at", "updated_at") VALUES ($1, $2, $3, $4) RETURNING "id"[0m  [["title", "Love"], ["author_id", 1], ["created_at", "2023-02-13 21:10:23.608737"], ["updated_at", "2023-02-13 21:10:23.608737"]]
  [1m[36mPoll Create (0.4ms)[0m  [1m[32mINSERT INTO "polls" ("title", "author_id", "created_at", "updated_at") VALUES ($1, $2, $3, $4) RETURNING "id"[0m  [["title", "Food"], ["author_id", 2], ["created_at", "2023-02-13 21:10:23.621072"], ["updated_at", "2023-02-13 21:10:23.621072"]]
  [1m[36mPoll Create (0.3ms)[0m  [1m[32mINSERT INTO "polls" ("title", "author_id", "created_at", "updated_at") VALUES ($1, $2, $3, $4) RETURNING "id"[0m  [["title", "Tech"], ["author_id", 3], ["created_at", "2023-02-13 21:10:23.622635"], ["updated_at", "2023-02-13 21:10:23.622635"]]
  [1m[36mQuestion Create (0.5ms)[0m  [1m[32mINSERT INTO "questions" ("body", "poll_id", "created_at", "updated_at") VALUES ($1, $2, $3, $4) RETURNING "id"[0m  [["body", "What is love?"], ["poll_id", 1], ["created_at", "2023-02-13 21:10:23.628976"], ["updated_at", "2023-02-13 21:10:23.628976"]]
  [1m[36mQuestion Create (0.3ms)[0m  [1m[32mINSERT INTO "questions" ("body", "poll_id", "created_at", "updated_at") VALUES ($1, $2, $3, $4) RETURNING "id"[0m  [["body", "How long should you know someone before dating?"], ["poll_id", 1], ["created_at", "2023-02-13 21:10:23.630581"], ["updated_at", "2023-02-13 21:10:23.630581"]]
  [1m[36mQuestion Create (0.2ms)[0m  [1m[32mINSERT INTO "questions" ("body", "poll_id", "created_at", "updated_at") VALUES ($1, $2, $3, $4) RETURNING "id"[0m  [["body", "Cake or pie?"], ["poll_id", 2], ["created_at", "2023-02-13 21:10:23.631999"], ["updated_at", "2023-02-13 21:10:23.631999"]]
  [1m[36mQuestion Create (0.2ms)[0m  [1m[32mINSERT INTO "questions" ("body", "poll_id", "created_at", "updated_at") VALUES ($1, $2, $3, $4) RETURNING "id"[0m  [["body", "Muy caliente?"], ["poll_id", 2], ["created_at", "2023-02-13 21:10:23.633068"], ["updated_at", "2023-02-13 21:10:23.633068"]]
  [1m[36mQuestion Create (0.3ms)[0m  [1m[32mINSERT INTO "questions" ("body", "poll_id", "created_at", "updated_at") VALUES ($1, $2, $3, $4) RETURNING "id"[0m  [["body", "Mac or PC?"], ["poll_id", 3], ["created_at", "2023-02-13 21:10:23.634330"], ["updated_at", "2023-02-13 21:10:23.634330"]]
  [1m[36mAnswerChoice Create (0.6ms)[0m  [1m[32mINSERT INTO "answer_choices" ("body", "question_id", "created_at", "updated_at") VALUES ($1, $2, $3, $4) RETURNING "id"[0m  [["body", "Baby dont hurt me"], ["question_id", 1], ["created_at", "2023-02-13 21:10:23.639392"], ["updated_at", "2023-02-13 21:10:23.639392"]]
  [1m[36mAnswerChoice Create (0.2ms)[0m  [1m[32mINSERT INTO "answer_choices" ("body", "question_id", "created_at", "updated_at") VALUES ($1, $2, $3, $4) RETURNING "id"[0m  [["body", "The best feeling ever"], ["question_id", 1], ["created_at", "2023-02-13 21:10:23.641043"], ["updated_at", "2023-02-13 21:10:23.641043"]]
  [1m[36mAnswerChoice Create (0.2ms)[0m  [1m[32mINSERT INTO "answer_choices" ("body", "question_id", "created_at", "updated_at") VALUES ($1, $2, $3, $4) RETURNING "id"[0m  [["body", "A bunch of lies"], ["question_id", 1], ["created_at", "2023-02-13 21:10:23.642470"], ["updated_at", "2023-02-13 21:10:23.642470"]]
  [1m[36mAnswerChoice Create (0.3ms)[0m  [1m[32mINSERT INTO "answer_choices" ("body", "question_id", "created_at", "updated_at") VALUES ($1, $2, $3, $4) RETURNING "id"[0m  [["body", "Doesnt matter"], ["question_id", 2], ["created_at", "2023-02-13 21:10:23.643522"], ["updated_at", "2023-02-13 21:10:23.643522"]]
  [1m[36mAnswerChoice Create (0.2ms)[0m  [1m[32mINSERT INTO "answer_choices" ("body", "question_id", "created_at", "updated_at") VALUES ($1, $2, $3, $4) RETURNING "id"[0m  [["body", "Minimum of 1 month"], ["question_id", 2], ["created_at", "2023-02-13 21:10:23.644838"], ["updated_at", "2023-02-13 21:10:23.644838"]]
  [1m[36mAnswerChoice Create (0.2ms)[0m  [1m[32mINSERT INTO "answer_choices" ("body", "question_id", "created_at", "updated_at") VALUES ($1, $2, $3, $4) RETURNING "id"[0m  [["body", "Minimum of 3 years"], ["question_id", 2], ["created_at", "2023-02-13 21:10:23.645962"], ["updated_at", "2023-02-13 21:10:23.645962"]]
  [1m[36mAnswerChoice Create (0.2ms)[0m  [1m[32mINSERT INTO "answer_choices" ("body", "question_id", "created_at", "updated_at") VALUES ($1, $2, $3, $4) RETURNING "id"[0m  [["body", "NEVER date anybody EVER"], ["question_id", 2], ["created_at", "2023-02-13 21:10:23.647234"], ["updated_at", "2023-02-13 21:10:23.647234"]]
  [1m[36mAnswerChoice Create (0.2ms)[0m  [1m[32mINSERT INTO "answer_choices" ("body", "question_id", "created_at", "updated_at") VALUES ($1, $2, $3, $4) RETURNING "id"[0m  [["body", "Cake"], ["question_id", 3], ["created_at", "2023-02-13 21:10:23.648322"], ["updated_at", "2023-02-13 21:10:23.648322"]]
  [1m[36mAnswerChoice Create (0.2ms)[0m  [1m[32mINSERT INTO "answer_choices" ("body", "question_id", "created_at", "updated_at") VALUES ($1, $2, $3, $4) RETURNING "id"[0m  [["body", "Pie"], ["question_id", 3], ["created_at", "2023-02-13 21:10:23.649324"], ["updated_at", "2023-02-13 21:10:23.649324"]]
  [1m[36mAnswerChoice Create (0.2ms)[0m  [1m[32mINSERT INTO "answer_choices" ("body", "question_id", "created_at", "updated_at") VALUES ($1, $2, $3, $4) RETURNING "id"[0m  [["body", "pls no"], ["question_id", 4], ["created_at", "2023-02-13 21:10:23.650535"], ["updated_at", "2023-02-13 21:10:23.650535"]]
  [1m[36mAnswerChoice Create (0.4ms)[0m  [1m[32mINSERT INTO "answer_choices" ("body", "question_id", "created_at", "updated_at") VALUES ($1, $2, $3, $4) RETURNING "id"[0m  [["body", "pls yes"], ["question_id", 4], ["created_at", "2023-02-13 21:10:23.651612"], ["updated_at", "2023-02-13 21:10:23.651612"]]
  [1m[36mAnswerChoice Create (0.2ms)[0m  [1m[32mINSERT INTO "answer_choices" ("body", "question_id", "created_at", "updated_at") VALUES ($1, $2, $3, $4) RETURNING "id"[0m  [["body", "HECK YA"], ["question_id", 4], ["created_at", "2023-02-13 21:10:23.657376"], ["updated_at", "2023-02-13 21:10:23.657376"]]
  [1m[36mAnswerChoice Create (0.2ms)[0m  [1m[32mINSERT INTO "answer_choices" ("body", "question_id", "created_at", "updated_at") VALUES ($1, $2, $3, $4) RETURNING "id"[0m  [["body", "Mac"], ["question_id", 5], ["created_at", "2023-02-13 21:10:23.658475"], ["updated_at", "2023-02-13 21:10:23.658475"]]
  [1m[36mAnswerChoice Create (0.2ms)[0m  [1m[32mINSERT INTO "answer_choices" ("body", "question_id", "created_at", "updated_at") VALUES ($1, $2, $3, $4) RETURNING "id"[0m  [["body", "PC"], ["question_id", 5], ["created_at", "2023-02-13 21:10:23.659776"], ["updated_at", "2023-02-13 21:10:23.659776"]]
  [1m[36mAnswerChoice Create (0.2ms)[0m  [1m[32mINSERT INTO "answer_choices" ("body", "question_id", "created_at", "updated_at") VALUES ($1, $2, $3, $4) RETURNING "id"[0m  [["body", "42"], ["question_id", 5], ["created_at", "2023-02-13 21:10:23.660885"], ["updated_at", "2023-02-13 21:10:23.660885"]]
  [1m[36mTRANSACTION (0.2ms)[0m  [1m[31mROLLBACK[0m
  [1m[36mActiveRecord::SchemaMigration Pluck (0.4ms)[0m  [1m[34mSELECT "schema_migrations"."version" FROM "schema_migrations" ORDER BY "schema_migrations"."version" ASC[0m
  [1m[36mTRANSACTION (0.2ms)[0m  [1m[35mBEGIN[0m
  [1m[36mUser Load (0.5ms)[0m  [1m[34mSELECT "users".* FROM "users"[0m
  [1m[36mPoll Load (0.5ms)[0m  [1m[34mSELECT "polls".* FROM "polls"[0m
  [1m[36mQuestion Load (0.3ms)[0m  [1m[34mSELECT "questions".* FROM "questions"[0m
  [1m[36mAnswerChoice Load (0.4ms)[0m  [1m[34mSELECT "answer_choices".* FROM "answer_choices"[0m
  [1m[36mResponse Load (0.6ms)[0m  [1m[34mSELECT "responses".* FROM "responses"[0m
  [1m[36mUser Create (0.5ms)[0m  [1m[32mINSERT INTO "users" ("username", "created_at", "updated_at") VALUES ($1, $2, $3) RETURNING "id"[0m  [["username", "Zahin"], ["created_at", "2023-02-13 21:11:31.985504"], ["updated_at", "2023-02-13 21:11:31.985504"]]
  [1m[36mUser Create (0.2ms)[0m  [1m[32mINSERT INTO "users" ("username", "created_at", "updated_at") VALUES ($1, $2, $3) RETURNING "id"[0m  [["username", "Gary"], ["created_at", "2023-02-13 21:11:31.988330"], ["updated_at", "2023-02-13 21:11:31.988330"]]
  [1m[36mUser Create (0.2ms)[0m  [1m[32mINSERT INTO "users" ("username", "created_at", "updated_at") VALUES ($1, $2, $3) RETURNING "id"[0m  [["username", "Alvin"], ["created_at", "2023-02-13 21:11:31.989603"], ["updated_at", "2023-02-13 21:11:31.989603"]]
  [1m[36mPoll Create (0.6ms)[0m  [1m[32mINSERT INTO "polls" ("title", "author_id", "created_at", "updated_at") VALUES ($1, $2, $3, $4) RETURNING "id"[0m  [["title", "Love"], ["author_id", 1], ["created_at", "2023-02-13 21:11:31.999933"], ["updated_at", "2023-02-13 21:11:31.999933"]]
  [1m[36mPoll Create (0.5ms)[0m  [1m[32mINSERT INTO "polls" ("title", "author_id", "created_at", "updated_at") VALUES ($1, $2, $3, $4) RETURNING "id"[0m  [["title", "Food"], ["author_id", 2], ["created_at", "2023-02-13 21:11:32.002450"], ["updated_at", "2023-02-13 21:11:32.002450"]]
  [1m[36mPoll Create (0.3ms)[0m  [1m[32mINSERT INTO "polls" ("title", "author_id", "created_at", "updated_at") VALUES ($1, $2, $3, $4) RETURNING "id"[0m  [["title", "Tech"], ["author_id", 3], ["created_at", "2023-02-13 21:11:32.004428"], ["updated_at", "2023-02-13 21:11:32.004428"]]
  [1m[36mQuestion Create (0.4ms)[0m  [1m[32mINSERT INTO "questions" ("body", "poll_id", "created_at", "updated_at") VALUES ($1, $2, $3, $4) RETURNING "id"[0m  [["body", "What is love?"], ["poll_id", 1], ["created_at", "2023-02-13 21:11:32.010386"], ["updated_at", "2023-02-13 21:11:32.010386"]]
  [1m[36mQuestion Create (0.2ms)[0m  [1m[32mINSERT INTO "questions" ("body", "poll_id", "created_at", "updated_at") VALUES ($1, $2, $3, $4) RETURNING "id"[0m  [["body", "How long should you know someone before dating?"], ["poll_id", 1], ["created_at", "2023-02-13 21:11:32.011921"], ["updated_at", "2023-02-13 21:11:32.011921"]]
  [1m[36mQuestion Create (0.2ms)[0m  [1m[32mINSERT INTO "questions" ("body", "poll_id", "created_at", "updated_at") VALUES ($1, $2, $3, $4) RETURNING "id"[0m  [["body", "Cake or pie?"], ["poll_id", 2], ["created_at", "2023-02-13 21:11:32.013325"], ["updated_at", "2023-02-13 21:11:32.013325"]]
  [1m[36mQuestion Create (0.3ms)[0m  [1m[32mINSERT INTO "questions" ("body", "poll_id", "created_at", "updated_at") VALUES ($1, $2, $3, $4) RETURNING "id"[0m  [["body", "Muy caliente?"], ["poll_id", 2], ["created_at", "2023-02-13 21:11:32.014628"], ["updated_at", "2023-02-13 21:11:32.014628"]]
  [1m[36mQuestion Create (0.2ms)[0m  [1m[32mINSERT INTO "questions" ("body", "poll_id", "created_at", "updated_at") VALUES ($1, $2, $3, $4) RETURNING "id"[0m  [["body", "Mac or PC?"], ["poll_id", 3], ["created_at", "2023-02-13 21:11:32.016093"], ["updated_at", "2023-02-13 21:11:32.016093"]]
  [1m[36mAnswerChoice Create (0.4ms)[0m  [1m[32mINSERT INTO "answer_choices" ("body", "question_id", "created_at", "updated_at") VALUES ($1, $2, $3, $4) RETURNING "id"[0m  [["body", "Baby dont hurt me"], ["question_id", 1], ["created_at", "2023-02-13 21:11:32.021005"], ["updated_at", "2023-02-13 21:11:32.021005"]]
  [1m[36mAnswerChoice Create (0.2ms)[0m  [1m[32mINSERT INTO "answer_choices" ("body", "question_id", "created_at", "updated_at") VALUES ($1, $2, $3, $4) RETURNING "id"[0m  [["body", "The best feeling ever"], ["question_id", 1], ["created_at", "2023-02-13 21:11:32.022409"], ["updated_at", "2023-02-13 21:11:32.022409"]]
  [1m[36mAnswerChoice Create (0.2ms)[0m  [1m[32mINSERT INTO "answer_choices" ("body", "question_id", "created_at", "updated_at") VALUES ($1, $2, $3, $4) RETURNING "id"[0m  [["body", "A bunch of lies"], ["question_id", 1], ["created_at", "2023-02-13 21:11:32.023811"], ["updated_at", "2023-02-13 21:11:32.023811"]]
  [1m[36mAnswerChoice Create (0.3ms)[0m  [1m[32mINSERT INTO "answer_choices" ("body", "question_id", "created_at", "updated_at") VALUES ($1, $2, $3, $4) RETURNING "id"[0m  [["body", "Doesnt matter"], ["question_id", 2], ["created_at", "2023-02-13 21:11:32.024857"], ["updated_at", "2023-02-13 21:11:32.024857"]]
  [1m[36mAnswerChoice Create (0.2ms)[0m  [1m[32mINSERT INTO "answer_choices" ("body", "question_id", "created_at", "updated_at") VALUES ($1, $2, $3, $4) RETURNING "id"[0m  [["body", "Minimum of 1 month"], ["question_id", 2], ["created_at", "2023-02-13 21:11:32.026179"], ["updated_at", "2023-02-13 21:11:32.026179"]]
  [1m[36mAnswerChoice Create (0.2ms)[0m  [1m[32mINSERT INTO "answer_choices" ("body", "question_id", "created_at", "updated_at") VALUES ($1, $2, $3, $4) RETURNING "id"[0m  [["body", "Minimum of 3 years"], ["question_id", 2], ["created_at", "2023-02-13 21:11:32.027205"], ["updated_at", "2023-02-13 21:11:32.027205"]]
  [1m[36mAnswerChoice Create (0.2ms)[0m  [1m[32mINSERT INTO "answer_choices" ("body", "question_id", "created_at", "updated_at") VALUES ($1, $2, $3, $4) RETURNING "id"[0m  [["body", "NEVER date anybody EVER"], ["question_id", 2], ["created_at", "2023-02-13 21:11:32.028445"], ["updated_at", "2023-02-13 21:11:32.028445"]]
  [1m[36mAnswerChoice Create (0.2ms)[0m  [1m[32mINSERT INTO "answer_choices" ("body", "question_id", "created_at", "updated_at") VALUES ($1, $2, $3, $4) RETURNING "id"[0m  [["body", "Cake"], ["question_id", 3], ["created_at", "2023-02-13 21:11:32.029535"], ["updated_at", "2023-02-13 21:11:32.029535"]]
  [1m[36mAnswerChoice Create (0.2ms)[0m  [1m[32mINSERT INTO "answer_choices" ("body", "question_id", "created_at", "updated_at") VALUES ($1, $2, $3, $4) RETURNING "id"[0m  [["body", "Pie"], ["question_id", 3], ["created_at", "2023-02-13 21:11:32.030706"], ["updated_at", "2023-02-13 21:11:32.030706"]]
  [1m[36mAnswerChoice Create (0.2ms)[0m  [1m[32mINSERT INTO "answer_choices" ("body", "question_id", "created_at", "updated_at") VALUES ($1, $2, $3, $4) RETURNING "id"[0m  [["body", "pls no"], ["question_id", 4], ["created_at", "2023-02-13 21:11:32.031876"], ["updated_at", "2023-02-13 21:11:32.031876"]]
  [1m[36mAnswerChoice Create (0.4ms)[0m  [1m[32mINSERT INTO "answer_choices" ("body", "question_id", "created_at", "updated_at") VALUES ($1, $2, $3, $4) RETURNING "id"[0m  [["body", "pls yes"], ["question_id", 4], ["created_at", "2023-02-13 21:11:32.032947"], ["updated_at", "2023-02-13 21:11:32.032947"]]
  [1m[36mAnswerChoice Create (0.2ms)[0m  [1m[32mINSERT INTO "answer_choices" ("body", "question_id", "created_at", "updated_at") VALUES ($1, $2, $3, $4) RETURNING "id"[0m  [["body", "HECK YA"], ["question_id", 4], ["created_at", "2023-02-13 21:11:32.038413"], ["updated_at", "2023-02-13 21:11:32.038413"]]
  [1m[36mAnswerChoice Create (0.2ms)[0m  [1m[32mINSERT INTO "answer_choices" ("body", "question_id", "created_at", "updated_at") VALUES ($1, $2, $3, $4) RETURNING "id"[0m  [["body", "Mac"], ["question_id", 5], ["created_at", "2023-02-13 21:11:32.039514"], ["updated_at", "2023-02-13 21:11:32.039514"]]
  [1m[36mAnswerChoice Create (0.2ms)[0m  [1m[32mINSERT INTO "answer_choices" ("body", "question_id", "created_at", "updated_at") VALUES ($1, $2, $3, $4) RETURNING "id"[0m  [["body", "PC"], ["question_id", 5], ["created_at", "2023-02-13 21:11:32.040764"], ["updated_at", "2023-02-13 21:11:32.040764"]]
  [1m[36mAnswerChoice Create (0.2ms)[0m  [1m[32mINSERT INTO "answer_choices" ("body", "question_id", "created_at", "updated_at") VALUES ($1, $2, $3, $4) RETURNING "id"[0m  [["body", "42"], ["question_id", 5], ["created_at", "2023-02-13 21:11:32.041904"], ["updated_at", "2023-02-13 21:11:32.041904"]]
  [1m[36mAnswerChoice Load (0.3ms)[0m  [1m[34mSELECT "answer_choices".* FROM "answer_choices" WHERE "answer_choices"."id" = $1 LIMIT $2[0m  [["id", 1], ["LIMIT", 1]]
  [1m[36mResponse Create (0.9ms)[0m  [1m[32mINSERT INTO "responses" ("respondent_id", "answer_choice_id", "created_at", "updated_at") VALUES ($1, $2, $3, $4) RETURNING "id"[0m  [["respondent_id", 1], ["answer_choice_id", 1], ["created_at", "2023-02-13 21:11:32.059956"], ["updated_at", "2023-02-13 21:11:32.059956"]]
  [1m[36mAnswerChoice Load (0.2ms)[0m  [1m[34mSELECT "answer_choices".* FROM "answer_choices" WHERE "answer_choices"."id" = $1 LIMIT $2[0m  [["id", 8], ["LIMIT", 1]]
  [1m[36mResponse Create (0.3ms)[0m  [1m[32mINSERT INTO "responses" ("respondent_id", "answer_choice_id", "created_at", "updated_at") VALUES ($1, $2, $3, $4) RETURNING "id"[0m  [["respondent_id", 1], ["answer_choice_id", 8], ["created_at", "2023-02-13 21:11:32.064305"], ["updated_at", "2023-02-13 21:11:32.064305"]]
  [1m[36mAnswerChoice Load (0.2ms)[0m  [1m[34mSELECT "answer_choices".* FROM "answer_choices" WHERE "answer_choices"."id" = $1 LIMIT $2[0m  [["id", 15], ["LIMIT", 1]]
  [1m[36mResponse Create (0.4ms)[0m  [1m[32mINSERT INTO "responses" ("respondent_id", "answer_choice_id", "created_at", "updated_at") VALUES ($1, $2, $3, $4) RETURNING "id"[0m  [["respondent_id", 1], ["answer_choice_id", 15], ["created_at", "2023-02-13 21:11:32.067190"], ["updated_at", "2023-02-13 21:11:32.067190"]]
  [1m[36mAnswerChoice Load (0.1ms)[0m  [1m[34mSELECT "answer_choices".* FROM "answer_choices" WHERE "answer_choices"."id" = $1 LIMIT $2[0m  [["id", 1], ["LIMIT", 1]]
  [1m[36mResponse Create (0.3ms)[0m  [1m[32mINSERT INTO "responses" ("respondent_id", "answer_choice_id", "created_at", "updated_at") VALUES ($1, $2, $3, $4) RETURNING "id"[0m  [["respondent_id", 2], ["answer_choice_id", 1], ["created_at", "2023-02-13 21:11:32.070172"], ["updated_at", "2023-02-13 21:11:32.070172"]]
  [1m[36mAnswerChoice Load (0.1ms)[0m  [1m[34mSELECT "answer_choices".* FROM "answer_choices" WHERE "answer_choices"."id" = $1 LIMIT $2[0m  [["id", 9], ["LIMIT", 1]]
  [1m[36mResponse Create (0.3ms)[0m  [1m[32mINSERT INTO "responses" ("respondent_id", "answer_choice_id", "created_at", "updated_at") VALUES ($1, $2, $3, $4) RETURNING "id"[0m  [["respondent_id", 2], ["answer_choice_id", 9], ["created_at", "2023-02-13 21:11:32.072775"], ["updated_at", "2023-02-13 21:11:32.072775"]]
  [1m[36mAnswerChoice Load (0.1ms)[0m  [1m[34mSELECT "answer_choices".* FROM "answer_choices" WHERE "answer_choices"."id" = $1 LIMIT $2[0m  [["id", 15], ["LIMIT", 1]]
  [1m[36mResponse Create (0.2ms)[0m  [1m[32mINSERT INTO "responses" ("respondent_id", "answer_choice_id", "created_at", "updated_at") VALUES ($1, $2, $3, $4) RETURNING "id"[0m  [["respondent_id", 2], ["answer_choice_id", 15], ["created_at", "2023-02-13 21:11:32.074994"], ["updated_at", "2023-02-13 21:11:32.074994"]]
  [1m[36mAnswerChoice Load (0.1ms)[0m  [1m[34mSELECT "answer_choices".* FROM "answer_choices" WHERE "answer_choices"."id" = $1 LIMIT $2[0m  [["id", 5], ["LIMIT", 1]]
  [1m[36mResponse Create (0.2ms)[0m  [1m[32mINSERT INTO "responses" ("respondent_id", "answer_choice_id", "created_at", "updated_at") VALUES ($1, $2, $3, $4) RETURNING "id"[0m  [["respondent_id", 1], ["answer_choice_id", 5], ["created_at", "2023-02-13 21:11:32.077454"], ["updated_at", "2023-02-13 21:11:32.077454"]]
  [1m[36mTRANSACTION (0.2ms)[0m  [1m[31mROLLBACK[0m
  [1m[36mActiveRecord::SchemaMigration Pluck (0.5ms)[0m  [1m[34mSELECT "schema_migrations"."version" FROM "schema_migrations" ORDER BY "schema_migrations"."version" ASC[0m
  [1m[36mTRANSACTION (0.1ms)[0m  [1m[35mBEGIN[0m
  [1m[36mUser Load (0.5ms)[0m  [1m[34mSELECT "users".* FROM "users"[0m
  [1m[36mPoll Load (0.5ms)[0m  [1m[34mSELECT "polls".* FROM "polls"[0m
  [1m[36mQuestion Load (0.3ms)[0m  [1m[34mSELECT "questions".* FROM "questions"[0m
  [1m[36mAnswerChoice Load (0.4ms)[0m  [1m[34mSELECT "answer_choices".* FROM "answer_choices"[0m
  [1m[36mResponse Load (0.4ms)[0m  [1m[34mSELECT "responses".* FROM "responses"[0m
  [1m[36mUser Create (0.4ms)[0m  [1m[32mINSERT INTO "users" ("username", "created_at", "updated_at") VALUES ($1, $2, $3) RETURNING "id"[0m  [["username", "Zahin"], ["created_at", "2023-02-13 21:13:10.123806"], ["updated_at", "2023-02-13 21:13:10.123806"]]
  [1m[36mUser Create (0.2ms)[0m  [1m[32mINSERT INTO "users" ("username", "created_at", "updated_at") VALUES ($1, $2, $3) RETURNING "id"[0m  [["username", "Gary"], ["created_at", "2023-02-13 21:13:10.126355"], ["updated_at", "2023-02-13 21:13:10.126355"]]
  [1m[36mUser Create (0.1ms)[0m  [1m[32mINSERT INTO "users" ("username", "created_at", "updated_at") VALUES ($1, $2, $3) RETURNING "id"[0m  [["username", "Alvin"], ["created_at", "2023-02-13 21:13:10.127356"], ["updated_at", "2023-02-13 21:13:10.127356"]]
  [1m[36mPoll Create (0.5ms)[0m  [1m[32mINSERT INTO "polls" ("title", "author_id", "created_at", "updated_at") VALUES ($1, $2, $3, $4) RETURNING "id"[0m  [["title", "Love"], ["author_id", 1], ["created_at", "2023-02-13 21:13:10.136503"], ["updated_at", "2023-02-13 21:13:10.136503"]]
  [1m[36mPoll Create (0.2ms)[0m  [1m[32mINSERT INTO "polls" ("title", "author_id", "created_at", "updated_at") VALUES ($1, $2, $3, $4) RETURNING "id"[0m  [["title", "Food"], ["author_id", 2], ["created_at", "2023-02-13 21:13:10.138293"], ["updated_at", "2023-02-13 21:13:10.138293"]]
  [1m[36mPoll Create (0.2ms)[0m  [1m[32mINSERT INTO "polls" ("title", "author_id", "created_at", "updated_at") VALUES ($1, $2, $3, $4) RETURNING "id"[0m  [["title", "Tech"], ["author_id", 3], ["created_at", "2023-02-13 21:13:10.139414"], ["updated_at", "2023-02-13 21:13:10.139414"]]
  [1m[36mQuestion Create (0.4ms)[0m  [1m[32mINSERT INTO "questions" ("body", "poll_id", "created_at", "updated_at") VALUES ($1, $2, $3, $4) RETURNING "id"[0m  [["body", "What is love?"], ["poll_id", 1], ["created_at", "2023-02-13 21:13:10.145145"], ["updated_at", "2023-02-13 21:13:10.145145"]]
  [1m[36mQuestion Create (0.2ms)[0m  [1m[32mINSERT INTO "questions" ("body", "poll_id", "created_at", "updated_at") VALUES ($1, $2, $3, $4) RETURNING "id"[0m  [["body", "How long should you know someone before dating?"], ["poll_id", 1], ["created_at", "2023-02-13 21:13:10.146647"], ["updated_at", "2023-02-13 21:13:10.146647"]]
  [1m[36mQuestion Create (0.2ms)[0m  [1m[32mINSERT INTO "questions" ("body", "poll_id", "created_at", "updated_at") VALUES ($1, $2, $3, $4) RETURNING "id"[0m  [["body", "Cake or pie?"], ["poll_id", 2], ["created_at", "2023-02-13 21:13:10.147952"], ["updated_at", "2023-02-13 21:13:10.147952"]]
  [1m[36mQuestion Create (0.3ms)[0m  [1m[32mINSERT INTO "questions" ("body", "poll_id", "created_at", "updated_at") VALUES ($1, $2, $3, $4) RETURNING "id"[0m  [["body", "Muy caliente?"], ["poll_id", 2], ["created_at", "2023-02-13 21:13:10.149005"], ["updated_at", "2023-02-13 21:13:10.149005"]]
  [1m[36mQuestion Create (0.2ms)[0m  [1m[32mINSERT INTO "questions" ("body", "poll_id", "created_at", "updated_at") VALUES ($1, $2, $3, $4) RETURNING "id"[0m  [["body", "Mac or PC?"], ["poll_id", 3], ["created_at", "2023-02-13 21:13:10.150345"], ["updated_at", "2023-02-13 21:13:10.150345"]]
  [1m[36mAnswerChoice Create (0.4ms)[0m  [1m[32mINSERT INTO "answer_choices" ("body", "question_id", "created_at", "updated_at") VALUES ($1, $2, $3, $4) RETURNING "id"[0m  [["body", "Baby dont hurt me"], ["question_id", 1], ["created_at", "2023-02-13 21:13:10.155296"], ["updated_at", "2023-02-13 21:13:10.155296"]]
  [1m[36mAnswerChoice Create (0.2ms)[0m  [1m[32mINSERT INTO "answer_choices" ("body", "question_id", "created_at", "updated_at") VALUES ($1, $2, $3, $4) RETURNING "id"[0m  [["body", "The best feeling ever"], ["question_id", 1], ["created_at", "2023-02-13 21:13:10.156721"], ["updated_at", "2023-02-13 21:13:10.156721"]]
  [1m[36mAnswerChoice Create (0.2ms)[0m  [1m[32mINSERT INTO "answer_choices" ("body", "question_id", "created_at", "updated_at") VALUES ($1, $2, $3, $4) RETURNING "id"[0m  [["body", "A bunch of lies"], ["question_id", 1], ["created_at", "2023-02-13 21:13:10.158073"], ["updated_at", "2023-02-13 21:13:10.158073"]]
  [1m[36mAnswerChoice Create (0.3ms)[0m  [1m[32mINSERT INTO "answer_choices" ("body", "question_id", "created_at", "updated_at") VALUES ($1, $2, $3, $4) RETURNING "id"[0m  [["body", "Doesnt matter"], ["question_id", 2], ["created_at", "2023-02-13 21:13:10.159117"], ["updated_at", "2023-02-13 21:13:10.159117"]]
  [1m[36mAnswerChoice Create (0.2ms)[0m  [1m[32mINSERT INTO "answer_choices" ("body", "question_id", "created_at", "updated_at") VALUES ($1, $2, $3, $4) RETURNING "id"[0m  [["body", "Minimum of 1 month"], ["question_id", 2], ["created_at", "2023-02-13 21:13:10.160438"], ["updated_at", "2023-02-13 21:13:10.160438"]]
  [1m[36mAnswerChoice Create (0.2ms)[0m  [1m[32mINSERT INTO "answer_choices" ("body", "question_id", "created_at", "updated_at") VALUES ($1, $2, $3, $4) RETURNING "id"[0m  [["body", "Minimum of 3 years"], ["question_id", 2], ["created_at", "2023-02-13 21:13:10.161474"], ["updated_at", "2023-02-13 21:13:10.161474"]]
  [1m[36mAnswerChoice Create (0.2ms)[0m  [1m[32mINSERT INTO "answer_choices" ("body", "question_id", "created_at", "updated_at") VALUES ($1, $2, $3, $4) RETURNING "id"[0m  [["body", "NEVER date anybody EVER"], ["question_id", 2], ["created_at", "2023-02-13 21:13:10.162721"], ["updated_at", "2023-02-13 21:13:10.162721"]]
  [1m[36mAnswerChoice Create (0.2ms)[0m  [1m[32mINSERT INTO "answer_choices" ("body", "question_id", "created_at", "updated_at") VALUES ($1, $2, $3, $4) RETURNING "id"[0m  [["body", "Cake"], ["question_id", 3], ["created_at", "2023-02-13 21:13:10.163840"], ["updated_at", "2023-02-13 21:13:10.163840"]]
  [1m[36mAnswerChoice Create (0.2ms)[0m  [1m[32mINSERT INTO "answer_choices" ("body", "question_id", "created_at", "updated_at") VALUES ($1, $2, $3, $4) RETURNING "id"[0m  [["body", "Pie"], ["question_id", 3], ["created_at", "2023-02-13 21:13:10.164865"], ["updated_at", "2023-02-13 21:13:10.164865"]]
  [1m[36mAnswerChoice Create (0.2ms)[0m  [1m[32mINSERT INTO "answer_choices" ("body", "question_id", "created_at", "updated_at") VALUES ($1, $2, $3, $4) RETURNING "id"[0m  [["body", "pls no"], ["question_id", 4], ["created_at", "2023-02-13 21:13:10.166045"], ["updated_at", "2023-02-13 21:13:10.166045"]]
  [1m[36mAnswerChoice Create (0.3ms)[0m  [1m[32mINSERT INTO "answer_choices" ("body", "question_id", "created_at", "updated_at") VALUES ($1, $2, $3, $4) RETURNING "id"[0m  [["body", "pls yes"], ["question_id", 4], ["created_at", "2023-02-13 21:13:10.167135"], ["updated_at", "2023-02-13 21:13:10.167135"]]
  [1m[36mAnswerChoice Create (0.2ms)[0m  [1m[32mINSERT INTO "answer_choices" ("body", "question_id", "created_at", "updated_at") VALUES ($1, $2, $3, $4) RETURNING "id"[0m  [["body", "HECK YA"], ["question_id", 4], ["created_at", "2023-02-13 21:13:10.172774"], ["updated_at", "2023-02-13 21:13:10.172774"]]
  [1m[36mAnswerChoice Create (0.2ms)[0m  [1m[32mINSERT INTO "answer_choices" ("body", "question_id", "created_at", "updated_at") VALUES ($1, $2, $3, $4) RETURNING "id"[0m  [["body", "Mac"], ["question_id", 5], ["created_at", "2023-02-13 21:13:10.173858"], ["updated_at", "2023-02-13 21:13:10.173858"]]
  [1m[36mAnswerChoice Create (0.2ms)[0m  [1m[32mINSERT INTO "answer_choices" ("body", "question_id", "created_at", "updated_at") VALUES ($1, $2, $3, $4) RETURNING "id"[0m  [["body", "PC"], ["question_id", 5], ["created_at", "2023-02-13 21:13:10.175143"], ["updated_at", "2023-02-13 21:13:10.175143"]]
  [1m[36mAnswerChoice Create (0.2ms)[0m  [1m[32mINSERT INTO "answer_choices" ("body", "question_id", "created_at", "updated_at") VALUES ($1, $2, $3, $4) RETURNING "id"[0m  [["body", "42"], ["question_id", 5], ["created_at", "2023-02-13 21:13:10.176247"], ["updated_at", "2023-02-13 21:13:10.176247"]]
  [1m[36mAnswerChoice Load (0.2ms)[0m  [1m[34mSELECT "answer_choices".* FROM "answer_choices" WHERE "answer_choices"."id" = $1 LIMIT $2[0m  [["id", 1], ["LIMIT", 1]]
  [1m[36mResponse Create (0.4ms)[0m  [1m[32mINSERT INTO "responses" ("respondent_id", "answer_choice_id", "created_at", "updated_at") VALUES ($1, $2, $3, $4) RETURNING "id"[0m  [["respondent_id", 1], ["answer_choice_id", 1], ["created_at", "2023-02-13 21:13:10.187951"], ["updated_at", "2023-02-13 21:13:10.187951"]]
  [1m[36mAnswerChoice Load (0.2ms)[0m  [1m[34mSELECT "answer_choices".* FROM "answer_choices" WHERE "answer_choices"."id" = $1 LIMIT $2[0m  [["id", 8], ["LIMIT", 1]]
  [1m[36mResponse Create (0.2ms)[0m  [1m[32mINSERT INTO "responses" ("respondent_id", "answer_choice_id", "created_at", "updated_at") VALUES ($1, $2, $3, $4) RETURNING "id"[0m  [["respondent_id", 1], ["answer_choice_id", 8], ["created_at", "2023-02-13 21:13:10.190771"], ["updated_at", "2023-02-13 21:13:10.190771"]]
  [1m[36mAnswerChoice Load (0.1ms)[0m  [1m[34mSELECT "answer_choices".* FROM "answer_choices" WHERE "answer_choices"."id" = $1 LIMIT $2[0m  [["id", 15], ["LIMIT", 1]]
  [1m[36mResponse Create (0.3ms)[0m  [1m[32mINSERT INTO "responses" ("respondent_id", "answer_choice_id", "created_at", "updated_at") VALUES ($1, $2, $3, $4) RETURNING "id"[0m  [["respondent_id", 1], ["answer_choice_id", 15], ["created_at", "2023-02-13 21:13:10.193102"], ["updated_at", "2023-02-13 21:13:10.193102"]]
  [1m[36mAnswerChoice Load (0.1ms)[0m  [1m[34mSELECT "answer_choices".* FROM "answer_choices" WHERE "answer_choices"."id" = $1 LIMIT $2[0m  [["id", 1], ["LIMIT", 1]]
  [1m[36mResponse Create (0.2ms)[0m  [1m[32mINSERT INTO "responses" ("respondent_id", "answer_choice_id", "created_at", "updated_at") VALUES ($1, $2, $3, $4) RETURNING "id"[0m  [["respondent_id", 2], ["answer_choice_id", 1], ["created_at", "2023-02-13 21:13:10.195532"], ["updated_at", "2023-02-13 21:13:10.195532"]]
  [1m[36mAnswerChoice Load (0.2ms)[0m  [1m[34mSELECT "answer_choices".* FROM "answer_choices" WHERE "answer_choices"."id" = $1 LIMIT $2[0m  [["id", 9], ["LIMIT", 1]]
  [1m[36mResponse Create (0.3ms)[0m  [1m[32mINSERT INTO "responses" ("respondent_id", "answer_choice_id", "created_at", "updated_at") VALUES ($1, $2, $3, $4) RETURNING "id"[0m  [["respondent_id", 2], ["answer_choice_id", 9], ["created_at", "2023-02-13 21:13:10.197954"], ["updated_at", "2023-02-13 21:13:10.197954"]]
  [1m[36mAnswerChoice Load (0.1ms)[0m  [1m[34mSELECT "answer_choices".* FROM "answer_choices" WHERE "answer_choices"."id" = $1 LIMIT $2[0m  [["id", 15], ["LIMIT", 1]]
  [1m[36mResponse Create (0.3ms)[0m  [1m[32mINSERT INTO "responses" ("respondent_id", "answer_choice_id", "created_at", "updated_at") VALUES ($1, $2, $3, $4) RETURNING "id"[0m  [["respondent_id", 2], ["answer_choice_id", 15], ["created_at", "2023-02-13 21:13:10.200582"], ["updated_at", "2023-02-13 21:13:10.200582"]]
  [1m[36mAnswerChoice Load (0.1ms)[0m  [1m[34mSELECT "answer_choices".* FROM "answer_choices" WHERE "answer_choices"."id" = $1 LIMIT $2[0m  [["id", 7], ["LIMIT", 1]]
  [1m[36mResponse Create (0.2ms)[0m  [1m[32mINSERT INTO "responses" ("respondent_id", "answer_choice_id", "created_at", "updated_at") VALUES ($1, $2, $3, $4) RETURNING "id"[0m  [["respondent_id", 1], ["answer_choice_id", 7], ["created_at", "2023-02-13 21:13:10.203031"], ["updated_at", "2023-02-13 21:13:10.203031"]]
  [1m[36mAnswerChoice Load (0.1ms)[0m  [1m[34mSELECT "answer_choices".* FROM "answer_choices" WHERE "answer_choices"."id" = $1 LIMIT $2[0m  [["id", 11], ["LIMIT", 1]]
  [1m[36mResponse Create (0.2ms)[0m  [1m[32mINSERT INTO "responses" ("respondent_id", "answer_choice_id", "created_at", "updated_at") VALUES ($1, $2, $3, $4) RETURNING "id"[0m  [["respondent_id", 1], ["answer_choice_id", 11], ["created_at", "2023-02-13 21:13:10.205368"], ["updated_at", "2023-02-13 21:13:10.205368"]]
  [1m[36mTRANSACTION (0.2ms)[0m  [1m[31mROLLBACK[0m
  [1m[36mActiveRecord::SchemaMigration Pluck (0.4ms)[0m  [1m[34mSELECT "schema_migrations"."version" FROM "schema_migrations" ORDER BY "schema_migrations"."version" ASC[0m
  [1m[36mTRANSACTION (0.1ms)[0m  [1m[35mBEGIN[0m
  [1m[36mUser Load (0.5ms)[0m  [1m[34mSELECT "users".* FROM "users"[0m
  [1m[36mPoll Load (0.5ms)[0m  [1m[34mSELECT "polls".* FROM "polls"[0m
  [1m[36mQuestion Load (0.3ms)[0m  [1m[34mSELECT "questions".* FROM "questions"[0m
  [1m[36mAnswerChoice Load (0.4ms)[0m  [1m[34mSELECT "answer_choices".* FROM "answer_choices"[0m
  [1m[36mResponse Load (0.4ms)[0m  [1m[34mSELECT "responses".* FROM "responses"[0m
  [1m[36mUser Create (0.6ms)[0m  [1m[32mINSERT INTO "users" ("username", "created_at", "updated_at") VALUES ($1, $2, $3) RETURNING "id"[0m  [["username", "Zahin"], ["created_at", "2023-02-13 21:13:28.002986"], ["updated_at", "2023-02-13 21:13:28.002986"]]
  [1m[36mUser Create (0.2ms)[0m  [1m[32mINSERT INTO "users" ("username", "created_at", "updated_at") VALUES ($1, $2, $3) RETURNING "id"[0m  [["username", "Gary"], ["created_at", "2023-02-13 21:13:28.005811"], ["updated_at", "2023-02-13 21:13:28.005811"]]
  [1m[36mUser Create (0.1ms)[0m  [1m[32mINSERT INTO "users" ("username", "created_at", "updated_at") VALUES ($1, $2, $3) RETURNING "id"[0m  [["username", "Alvin"], ["created_at", "2023-02-13 21:13:28.006847"], ["updated_at", "2023-02-13 21:13:28.006847"]]
  [1m[36mPoll Create (0.6ms)[0m  [1m[32mINSERT INTO "polls" ("title", "author_id", "created_at", "updated_at") VALUES ($1, $2, $3, $4) RETURNING "id"[0m  [["title", "Love"], ["author_id", 1], ["created_at", "2023-02-13 21:13:28.016333"], ["updated_at", "2023-02-13 21:13:28.016333"]]
  [1m[36mPoll Create (0.2ms)[0m  [1m[32mINSERT INTO "polls" ("title", "author_id", "created_at", "updated_at") VALUES ($1, $2, $3, $4) RETURNING "id"[0m  [["title", "Food"], ["author_id", 2], ["created_at", "2023-02-13 21:13:28.018284"], ["updated_at", "2023-02-13 21:13:28.018284"]]
  [1m[36mPoll Create (0.2ms)[0m  [1m[32mINSERT INTO "polls" ("title", "author_id", "created_at", "updated_at") VALUES ($1, $2, $3, $4) RETURNING "id"[0m  [["title", "Tech"], ["author_id", 3], ["created_at", "2023-02-13 21:13:28.019427"], ["updated_at", "2023-02-13 21:13:28.019427"]]
  [1m[36mQuestion Create (0.4ms)[0m  [1m[32mINSERT INTO "questions" ("body", "poll_id", "created_at", "updated_at") VALUES ($1, $2, $3, $4) RETURNING "id"[0m  [["body", "What is love?"], ["poll_id", 1], ["created_at", "2023-02-13 21:13:28.025215"], ["updated_at", "2023-02-13 21:13:28.025215"]]
  [1m[36mQuestion Create (0.3ms)[0m  [1m[32mINSERT INTO "questions" ("body", "poll_id", "created_at", "updated_at") VALUES ($1, $2, $3, $4) RETURNING "id"[0m  [["body", "How long should you know someone before dating?"], ["poll_id", 1], ["created_at", "2023-02-13 21:13:28.026681"], ["updated_at", "2023-02-13 21:13:28.026681"]]
  [1m[36mQuestion Create (0.2ms)[0m  [1m[32mINSERT INTO "questions" ("body", "poll_id", "created_at", "updated_at") VALUES ($1, $2, $3, $4) RETURNING "id"[0m  [["body", "Cake or pie?"], ["poll_id", 2], ["created_at", "2023-02-13 21:13:28.028123"], ["updated_at", "2023-02-13 21:13:28.028123"]]
  [1m[36mQuestion Create (0.3ms)[0m  [1m[32mINSERT INTO "questions" ("body", "poll_id", "created_at", "updated_at") VALUES ($1, $2, $3, $4) RETURNING "id"[0m  [["body", "Muy caliente?"], ["poll_id", 2], ["created_at", "2023-02-13 21:13:28.029222"], ["updated_at", "2023-02-13 21:13:28.029222"]]
  [1m[36mQuestion Create (0.2ms)[0m  [1m[32mINSERT INTO "questions" ("body", "poll_id", "created_at", "updated_at") VALUES ($1, $2, $3, $4) RETURNING "id"[0m  [["body", "Mac or PC?"], ["poll_id", 3], ["created_at", "2023-02-13 21:13:28.030572"], ["updated_at", "2023-02-13 21:13:28.030572"]]
  [1m[36mAnswerChoice Create (0.4ms)[0m  [1m[32mINSERT INTO "answer_choices" ("body", "question_id", "created_at", "updated_at") VALUES ($1, $2, $3, $4) RETURNING "id"[0m  [["body", "Baby dont hurt me"], ["question_id", 1], ["created_at", "2023-02-13 21:13:28.035577"], ["updated_at", "2023-02-13 21:13:28.035577"]]
  [1m[36mAnswerChoice Create (0.2ms)[0m  [1m[32mINSERT INTO "answer_choices" ("body", "question_id", "created_at", "updated_at") VALUES ($1, $2, $3, $4) RETURNING "id"[0m  [["body", "The best feeling ever"], ["question_id", 1], ["created_at", "2023-02-13 21:13:28.037032"], ["updated_at", "2023-02-13 21:13:28.037032"]]
  [1m[36mAnswerChoice Create (0.2ms)[0m  [1m[32mINSERT INTO "answer_choices" ("body", "question_id", "created_at", "updated_at") VALUES ($1, $2, $3, $4) RETURNING "id"[0m  [["body", "A bunch of lies"], ["question_id", 1], ["created_at", "2023-02-13 21:13:28.038382"], ["updated_at", "2023-02-13 21:13:28.038382"]]
  [1m[36mAnswerChoice Create (0.3ms)[0m  [1m[32mINSERT INTO "answer_choices" ("body", "question_id", "created_at", "updated_at") VALUES ($1, $2, $3, $4) RETURNING "id"[0m  [["body", "Doesnt matter"], ["question_id", 2], ["created_at", "2023-02-13 21:13:28.039424"], ["updated_at", "2023-02-13 21:13:28.039424"]]
  [1m[36mAnswerChoice Create (0.2ms)[0m  [1m[32mINSERT INTO "answer_choices" ("body", "question_id", "created_at", "updated_at") VALUES ($1, $2, $3, $4) RETURNING "id"[0m  [["body", "Minimum of 1 month"], ["question_id", 2], ["created_at", "2023-02-13 21:13:28.040719"], ["updated_at", "2023-02-13 21:13:28.040719"]]
  [1m[36mAnswerChoice Create (0.2ms)[0m  [1m[32mINSERT INTO "answer_choices" ("body", "question_id", "created_at", "updated_at") VALUES ($1, $2, $3, $4) RETURNING "id"[0m  [["body", "Minimum of 3 years"], ["question_id", 2], ["created_at", "2023-02-13 21:13:28.041787"], ["updated_at", "2023-02-13 21:13:28.041787"]]
  [1m[36mAnswerChoice Create (0.2ms)[0m  [1m[32mINSERT INTO "answer_choices" ("body", "question_id", "created_at", "updated_at") VALUES ($1, $2, $3, $4) RETURNING "id"[0m  [["body", "NEVER date anybody EVER"], ["question_id", 2], ["created_at", "2023-02-13 21:13:28.043014"], ["updated_at", "2023-02-13 21:13:28.043014"]]
  [1m[36mAnswerChoice Create (0.2ms)[0m  [1m[32mINSERT INTO "answer_choices" ("body", "question_id", "created_at", "updated_at") VALUES ($1, $2, $3, $4) RETURNING "id"[0m  [["body", "Cake"], ["question_id", 3], ["created_at", "2023-02-13 21:13:28.044115"], ["updated_at", "2023-02-13 21:13:28.044115"]]
  [1m[36mAnswerChoice Create (0.2ms)[0m  [1m[32mINSERT INTO "answer_choices" ("body", "question_id", "created_at", "updated_at") VALUES ($1, $2, $3, $4) RETURNING "id"[0m  [["body", "Pie"], ["question_id", 3], ["created_at", "2023-02-13 21:13:28.045127"], ["updated_at", "2023-02-13 21:13:28.045127"]]
  [1m[36mAnswerChoice Create (0.2ms)[0m  [1m[32mINSERT INTO "answer_choices" ("body", "question_id", "created_at", "updated_at") VALUES ($1, $2, $3, $4) RETURNING "id"[0m  [["body", "pls no"], ["question_id", 4], ["created_at", "2023-02-13 21:13:28.046276"], ["updated_at", "2023-02-13 21:13:28.046276"]]
  [1m[36mAnswerChoice Create (0.4ms)[0m  [1m[32mINSERT INTO "answer_choices" ("body", "question_id", "created_at", "updated_at") VALUES ($1, $2, $3, $4) RETURNING "id"[0m  [["body", "pls yes"], ["question_id", 4], ["created_at", "2023-02-13 21:13:28.047343"], ["updated_at", "2023-02-13 21:13:28.047343"]]
  [1m[36mAnswerChoice Create (0.2ms)[0m  [1m[32mINSERT INTO "answer_choices" ("body", "question_id", "created_at", "updated_at") VALUES ($1, $2, $3, $4) RETURNING "id"[0m  [["body", "HECK YA"], ["question_id", 4], ["created_at", "2023-02-13 21:13:28.052880"], ["updated_at", "2023-02-13 21:13:28.052880"]]
  [1m[36mAnswerChoice Create (0.2ms)[0m  [1m[32mINSERT INTO "answer_choices" ("body", "question_id", "created_at", "updated_at") VALUES ($1, $2, $3, $4) RETURNING "id"[0m  [["body", "Mac"], ["question_id", 5], ["created_at", "2023-02-13 21:13:28.054006"], ["updated_at", "2023-02-13 21:13:28.054006"]]
  [1m[36mAnswerChoice Create (0.2ms)[0m  [1m[32mINSERT INTO "answer_choices" ("body", "question_id", "created_at", "updated_at") VALUES ($1, $2, $3, $4) RETURNING "id"[0m  [["body", "PC"], ["question_id", 5], ["created_at", "2023-02-13 21:13:28.055294"], ["updated_at", "2023-02-13 21:13:28.055294"]]
  [1m[36mAnswerChoice Create (0.2ms)[0m  [1m[32mINSERT INTO "answer_choices" ("body", "question_id", "created_at", "updated_at") VALUES ($1, $2, $3, $4) RETURNING "id"[0m  [["body", "42"], ["question_id", 5], ["created_at", "2023-02-13 21:13:28.056398"], ["updated_at", "2023-02-13 21:13:28.056398"]]
  [1m[36mAnswerChoice Load (0.2ms)[0m  [1m[34mSELECT "answer_choices".* FROM "answer_choices" WHERE "answer_choices"."id" = $1 LIMIT $2[0m  [["id", 1], ["LIMIT", 1]]
  [1m[36mResponse Create (0.4ms)[0m  [1m[32mINSERT INTO "responses" ("respondent_id", "answer_choice_id", "created_at", "updated_at") VALUES ($1, $2, $3, $4) RETURNING "id"[0m  [["respondent_id", 1], ["answer_choice_id", 1], ["created_at", "2023-02-13 21:13:28.068247"], ["updated_at", "2023-02-13 21:13:28.068247"]]
  [1m[36mAnswerChoice Load (0.2ms)[0m  [1m[34mSELECT "answer_choices".* FROM "answer_choices" WHERE "answer_choices"."id" = $1 LIMIT $2[0m  [["id", 8], ["LIMIT", 1]]
  [1m[36mResponse Create (0.2ms)[0m  [1m[32mINSERT INTO "responses" ("respondent_id", "answer_choice_id", "created_at", "updated_at") VALUES ($1, $2, $3, $4) RETURNING "id"[0m  [["respondent_id", 1], ["answer_choice_id", 8], ["created_at", "2023-02-13 21:13:28.071186"], ["updated_at", "2023-02-13 21:13:28.071186"]]
  [1m[36mAnswerChoice Load (0.1ms)[0m  [1m[34mSELECT "answer_choices".* FROM "answer_choices" WHERE "answer_choices"."id" = $1 LIMIT $2[0m  [["id", 13], ["LIMIT", 1]]
  [1m[36mResponse Create (0.3ms)[0m  [1m[32mINSERT INTO "responses" ("respondent_id", "answer_choice_id", "created_at", "updated_at") VALUES ($1, $2, $3, $4) RETURNING "id"[0m  [["respondent_id", 1], ["answer_choice_id", 13], ["created_at", "2023-02-13 21:13:28.073666"], ["updated_at", "2023-02-13 21:13:28.073666"]]
  [1m[36mAnswerChoice Load (0.1ms)[0m  [1m[34mSELECT "answer_choices".* FROM "answer_choices" WHERE "answer_choices"."id" = $1 LIMIT $2[0m  [["id", 1], ["LIMIT", 1]]
  [1m[36mResponse Create (0.2ms)[0m  [1m[32mINSERT INTO "responses" ("respondent_id", "answer_choice_id", "created_at", "updated_at") VALUES ($1, $2, $3, $4) RETURNING "id"[0m  [["respondent_id", 2], ["answer_choice_id", 1], ["created_at", "2023-02-13 21:13:28.076086"], ["updated_at", "2023-02-13 21:13:28.076086"]]
  [1m[36mAnswerChoice Load (0.2ms)[0m  [1m[34mSELECT "answer_choices".* FROM "answer_choices" WHERE "answer_choices"."id" = $1 LIMIT $2[0m  [["id", 9], ["LIMIT", 1]]
  [1m[36mResponse Create (0.2ms)[0m  [1m[32mINSERT INTO "responses" ("respondent_id", "answer_choice_id", "created_at", "updated_at") VALUES ($1, $2, $3, $4) RETURNING "id"[0m  [["respondent_id", 2], ["answer_choice_id", 9], ["created_at", "2023-02-13 21:13:28.078387"], ["updated_at", "2023-02-13 21:13:28.078387"]]
  [1m[36mAnswerChoice Load (0.1ms)[0m  [1m[34mSELECT "answer_choices".* FROM "answer_choices" WHERE "answer_choices"."id" = $1 LIMIT $2[0m  [["id", 13], ["LIMIT", 1]]
  [1m[36mResponse Create (0.3ms)[0m  [1m[32mINSERT INTO "responses" ("respondent_id", "answer_choice_id", "created_at", "updated_at") VALUES ($1, $2, $3, $4) RETURNING "id"[0m  [["respondent_id", 2], ["answer_choice_id", 13], ["created_at", "2023-02-13 21:13:28.080433"], ["updated_at", "2023-02-13 21:13:28.080433"]]
  [1m[36mAnswerChoice Load (0.1ms)[0m  [1m[34mSELECT "answer_choices".* FROM "answer_choices" WHERE "answer_choices"."id" = $1 LIMIT $2[0m  [["id", 7], ["LIMIT", 1]]
  [1m[36mResponse Create (0.2ms)[0m  [1m[32mINSERT INTO "responses" ("respondent_id", "answer_choice_id", "created_at", "updated_at") VALUES ($1, $2, $3, $4) RETURNING "id"[0m  [["respondent_id", 1], ["answer_choice_id", 7], ["created_at", "2023-02-13 21:13:28.082800"], ["updated_at", "2023-02-13 21:13:28.082800"]]
  [1m[36mAnswerChoice Load (0.1ms)[0m  [1m[34mSELECT "answer_choices".* FROM "answer_choices" WHERE "answer_choices"."id" = $1 LIMIT $2[0m  [["id", 11], ["LIMIT", 1]]
  [1m[36mResponse Create (0.2ms)[0m  [1m[32mINSERT INTO "responses" ("respondent_id", "answer_choice_id", "created_at", "updated_at") VALUES ($1, $2, $3, $4) RETURNING "id"[0m  [["respondent_id", 1], ["answer_choice_id", 11], ["created_at", "2023-02-13 21:13:28.085122"], ["updated_at", "2023-02-13 21:13:28.085122"]]
  [1m[36mAnswerChoice Load (0.1ms)[0m  [1m[34mSELECT "answer_choices".* FROM "answer_choices" WHERE "answer_choices"."id" = $1 LIMIT $2[0m  [["id", 15], ["LIMIT", 1]]
  [1m[36mResponse Create (0.3ms)[0m  [1m[32mINSERT INTO "responses" ("respondent_id", "answer_choice_id", "created_at", "updated_at") VALUES ($1, $2, $3, $4) RETURNING "id"[0m  [["respondent_id", 1], ["answer_choice_id", 15], ["created_at", "2023-02-13 21:13:28.087382"], ["updated_at", "2023-02-13 21:13:28.087382"]]
  [1m[36mAnswerChoice Load (0.1ms)[0m  [1m[34mSELECT "answer_choices".* FROM "answer_choices" WHERE "answer_choices"."id" = $1 LIMIT $2[0m  [["id", 3], ["LIMIT", 1]]
  [1m[36mResponse Create (0.2ms)[0m  [1m[32mINSERT INTO "responses" ("respondent_id", "answer_choice_id", "created_at", "updated_at") VALUES ($1, $2, $3, $4) RETURNING "id"[0m  [["respondent_id", 3], ["answer_choice_id", 3], ["created_at", "2023-02-13 21:13:28.089736"], ["updated_at", "2023-02-13 21:13:28.089736"]]
  [1m[36mTRANSACTION (0.2ms)[0m  [1m[31mROLLBACK[0m
  [1m[36mActiveRecord::SchemaMigration Pluck (0.4ms)[0m  [1m[34mSELECT "schema_migrations"."version" FROM "schema_migrations" ORDER BY "schema_migrations"."version" ASC[0m
  [1m[36mTRANSACTION (0.2ms)[0m  [1m[35mBEGIN[0m
  [1m[36mUser Load (0.7ms)[0m  [1m[34mSELECT "users".* FROM "users"[0m
  [1m[36mPoll Load (0.5ms)[0m  [1m[34mSELECT "polls".* FROM "polls"[0m
  [1m[36mQuestion Load (0.3ms)[0m  [1m[34mSELECT "questions".* FROM "questions"[0m
  [1m[36mAnswerChoice Load (0.4ms)[0m  [1m[34mSELECT "answer_choices".* FROM "answer_choices"[0m
  [1m[36mResponse Load (0.4ms)[0m  [1m[34mSELECT "responses".* FROM "responses"[0m
  [1m[36mUser Create (0.4ms)[0m  [1m[32mINSERT INTO "users" ("username", "created_at", "updated_at") VALUES ($1, $2, $3) RETURNING "id"[0m  [["username", "Zahin"], ["created_at", "2023-02-13 21:15:09.257946"], ["updated_at", "2023-02-13 21:15:09.257946"]]
  [1m[36mUser Create (0.2ms)[0m  [1m[32mINSERT INTO "users" ("username", "created_at", "updated_at") VALUES ($1, $2, $3) RETURNING "id"[0m  [["username", "Gary"], ["created_at", "2023-02-13 21:15:09.260532"], ["updated_at", "2023-02-13 21:15:09.260532"]]
  [1m[36mUser Create (0.1ms)[0m  [1m[32mINSERT INTO "users" ("username", "created_at", "updated_at") VALUES ($1, $2, $3) RETURNING "id"[0m  [["username", "Alvin"], ["created_at", "2023-02-13 21:15:09.261582"], ["updated_at", "2023-02-13 21:15:09.261582"]]
  [1m[36mPoll Create (0.6ms)[0m  [1m[32mINSERT INTO "polls" ("title", "author_id", "created_at", "updated_at") VALUES ($1, $2, $3, $4) RETURNING "id"[0m  [["title", "Love"], ["author_id", 1], ["created_at", "2023-02-13 21:15:09.270567"], ["updated_at", "2023-02-13 21:15:09.270567"]]
  [1m[36mPoll Create (0.2ms)[0m  [1m[32mINSERT INTO "polls" ("title", "author_id", "created_at", "updated_at") VALUES ($1, $2, $3, $4) RETURNING "id"[0m  [["title", "Food"], ["author_id", 2], ["created_at", "2023-02-13 21:15:09.272353"], ["updated_at", "2023-02-13 21:15:09.272353"]]
  [1m[36mPoll Create (0.2ms)[0m  [1m[32mINSERT INTO "polls" ("title", "author_id", "created_at", "updated_at") VALUES ($1, $2, $3, $4) RETURNING "id"[0m  [["title", "Tech"], ["author_id", 3], ["created_at", "2023-02-13 21:15:09.273432"], ["updated_at", "2023-02-13 21:15:09.273432"]]
  [1m[36mQuestion Create (0.5ms)[0m  [1m[32mINSERT INTO "questions" ("body", "poll_id", "created_at", "updated_at") VALUES ($1, $2, $3, $4) RETURNING "id"[0m  [["body", "What is love?"], ["poll_id", 1], ["created_at", "2023-02-13 21:15:09.279546"], ["updated_at", "2023-02-13 21:15:09.279546"]]
  [1m[36mQuestion Create (0.2ms)[0m  [1m[32mINSERT INTO "questions" ("body", "poll_id", "created_at", "updated_at") VALUES ($1, $2, $3, $4) RETURNING "id"[0m  [["body", "How long should you know someone before dating?"], ["poll_id", 1], ["created_at", "2023-02-13 21:15:09.281201"], ["updated_at", "2023-02-13 21:15:09.281201"]]
  [1m[36mQuestion Create (0.2ms)[0m  [1m[32mINSERT INTO "questions" ("body", "poll_id", "created_at", "updated_at") VALUES ($1, $2, $3, $4) RETURNING "id"[0m  [["body", "Cake or pie?"], ["poll_id", 2], ["created_at", "2023-02-13 21:15:09.282506"], ["updated_at", "2023-02-13 21:15:09.282506"]]
  [1m[36mQuestion Create (0.3ms)[0m  [1m[32mINSERT INTO "questions" ("body", "poll_id", "created_at", "updated_at") VALUES ($1, $2, $3, $4) RETURNING "id"[0m  [["body", "Muy caliente?"], ["poll_id", 2], ["created_at", "2023-02-13 21:15:09.283600"], ["updated_at", "2023-02-13 21:15:09.283600"]]
  [1m[36mQuestion Create (0.2ms)[0m  [1m[32mINSERT INTO "questions" ("body", "poll_id", "created_at", "updated_at") VALUES ($1, $2, $3, $4) RETURNING "id"[0m  [["body", "Mac or PC?"], ["poll_id", 3], ["created_at", "2023-02-13 21:15:09.284916"], ["updated_at", "2023-02-13 21:15:09.284916"]]
  [1m[36mAnswerChoice Create (0.7ms)[0m  [1m[32mINSERT INTO "answer_choices" ("body", "question_id", "created_at", "updated_at") VALUES ($1, $2, $3, $4) RETURNING "id"[0m  [["body", "Baby dont hurt me"], ["question_id", 1], ["created_at", "2023-02-13 21:15:09.290584"], ["updated_at", "2023-02-13 21:15:09.290584"]]
  [1m[36mAnswerChoice Create (0.2ms)[0m  [1m[32mINSERT INTO "answer_choices" ("body", "question_id", "created_at", "updated_at") VALUES ($1, $2, $3, $4) RETURNING "id"[0m  [["body", "The best feeling ever"], ["question_id", 1], ["created_at", "2023-02-13 21:15:09.292511"], ["updated_at", "2023-02-13 21:15:09.292511"]]
  [1m[36mAnswerChoice Create (0.2ms)[0m  [1m[32mINSERT INTO "answer_choices" ("body", "question_id", "created_at", "updated_at") VALUES ($1, $2, $3, $4) RETURNING "id"[0m  [["body", "A bunch of lies"], ["question_id", 1], ["created_at", "2023-02-13 21:15:09.293962"], ["updated_at", "2023-02-13 21:15:09.293962"]]
  [1m[36mAnswerChoice Create (0.3ms)[0m  [1m[32mINSERT INTO "answer_choices" ("body", "question_id", "created_at", "updated_at") VALUES ($1, $2, $3, $4) RETURNING "id"[0m  [["body", "Doesnt matter"], ["question_id", 2], ["created_at", "2023-02-13 21:15:09.295370"], ["updated_at", "2023-02-13 21:15:09.295370"]]
  [1m[36mAnswerChoice Create (0.2ms)[0m  [1m[32mINSERT INTO "answer_choices" ("body", "question_id", "created_at", "updated_at") VALUES ($1, $2, $3, $4) RETURNING "id"[0m  [["body", "Minimum of 1 month"], ["question_id", 2], ["created_at", "2023-02-13 21:15:09.297055"], ["updated_at", "2023-02-13 21:15:09.297055"]]
  [1m[36mAnswerChoice Create (0.2ms)[0m  [1m[32mINSERT INTO "answer_choices" ("body", "question_id", "created_at", "updated_at") VALUES ($1, $2, $3, $4) RETURNING "id"[0m  [["body", "Minimum of 3 years"], ["question_id", 2], ["created_at", "2023-02-13 21:15:09.298329"], ["updated_at", "2023-02-13 21:15:09.298329"]]
  [1m[36mAnswerChoice Create (0.3ms)[0m  [1m[32mINSERT INTO "answer_choices" ("body", "question_id", "created_at", "updated_at") VALUES ($1, $2, $3, $4) RETURNING "id"[0m  [["body", "NEVER date anybody EVER"], ["question_id", 2], ["created_at", "2023-02-13 21:15:09.299805"], ["updated_at", "2023-02-13 21:15:09.299805"]]
  [1m[36mAnswerChoice Create (0.2ms)[0m  [1m[32mINSERT INTO "answer_choices" ("body", "question_id", "created_at", "updated_at") VALUES ($1, $2, $3, $4) RETURNING "id"[0m  [["body", "Cake"], ["question_id", 3], ["created_at", "2023-02-13 21:15:09.301091"], ["updated_at", "2023-02-13 21:15:09.301091"]]
  [1m[36mAnswerChoice Create (0.2ms)[0m  [1m[32mINSERT INTO "answer_choices" ("body", "question_id", "created_at", "updated_at") VALUES ($1, $2, $3, $4) RETURNING "id"[0m  [["body", "Pie"], ["question_id", 3], ["created_at", "2023-02-13 21:15:09.302293"], ["updated_at", "2023-02-13 21:15:09.302293"]]
  [1m[36mAnswerChoice Create (0.2ms)[0m  [1m[32mINSERT INTO "answer_choices" ("body", "question_id", "created_at", "updated_at") VALUES ($1, $2, $3, $4) RETURNING "id"[0m  [["body", "pls no"], ["question_id", 4], ["created_at", "2023-02-13 21:15:09.303608"], ["updated_at", "2023-02-13 21:15:09.303608"]]
  [1m[36mAnswerChoice Create (0.4ms)[0m  [1m[32mINSERT INTO "answer_choices" ("body", "question_id", "created_at", "updated_at") VALUES ($1, $2, $3, $4) RETURNING "id"[0m  [["body", "pls yes"], ["question_id", 4], ["created_at", "2023-02-13 21:15:09.304615"], ["updated_at", "2023-02-13 21:15:09.304615"]]
  [1m[36mAnswerChoice Create (0.2ms)[0m  [1m[32mINSERT INTO "answer_choices" ("body", "question_id", "created_at", "updated_at") VALUES ($1, $2, $3, $4) RETURNING "id"[0m  [["body", "HECK YA"], ["question_id", 4], ["created_at", "2023-02-13 21:15:09.310213"], ["updated_at", "2023-02-13 21:15:09.310213"]]
  [1m[36mAnswerChoice Create (0.2ms)[0m  [1m[32mINSERT INTO "answer_choices" ("body", "question_id", "created_at", "updated_at") VALUES ($1, $2, $3, $4) RETURNING "id"[0m  [["body", "Mac"], ["question_id", 5], ["created_at", "2023-02-13 21:15:09.311356"], ["updated_at", "2023-02-13 21:15:09.311356"]]
  [1m[36mAnswerChoice Create (0.2ms)[0m  [1m[32mINSERT INTO "answer_choices" ("body", "question_id", "created_at", "updated_at") VALUES ($1, $2, $3, $4) RETURNING "id"[0m  [["body", "PC"], ["question_id", 5], ["created_at", "2023-02-13 21:15:09.312657"], ["updated_at", "2023-02-13 21:15:09.312657"]]
  [1m[36mAnswerChoice Create (0.2ms)[0m  [1m[32mINSERT INTO "answer_choices" ("body", "question_id", "created_at", "updated_at") VALUES ($1, $2, $3, $4) RETURNING "id"[0m  [["body", "42"], ["question_id", 5], ["created_at", "2023-02-13 21:15:09.313765"], ["updated_at", "2023-02-13 21:15:09.313765"]]
  [1m[36mAnswerChoice Load (0.2ms)[0m  [1m[34mSELECT "answer_choices".* FROM "answer_choices" WHERE "answer_choices"."id" = $1 LIMIT $2[0m  [["id", 1], ["LIMIT", 1]]
  [1m[36mResponse Create (0.4ms)[0m  [1m[32mINSERT INTO "responses" ("respondent_id", "answer_choice_id", "created_at", "updated_at") VALUES ($1, $2, $3, $4) RETURNING "id"[0m  [["respondent_id", 1], ["answer_choice_id", 1], ["created_at", "2023-02-13 21:15:09.325455"], ["updated_at", "2023-02-13 21:15:09.325455"]]
  [1m[36mAnswerChoice Load (0.2ms)[0m  [1m[34mSELECT "answer_choices".* FROM "answer_choices" WHERE "answer_choices"."id" = $1 LIMIT $2[0m  [["id", 8], ["LIMIT", 1]]
  [1m[36mResponse Create (0.2ms)[0m  [1m[32mINSERT INTO "responses" ("respondent_id", "answer_choice_id", "created_at", "updated_at") VALUES ($1, $2, $3, $4) RETURNING "id"[0m  [["respondent_id", 1], ["answer_choice_id", 8], ["created_at", "2023-02-13 21:15:09.328399"], ["updated_at", "2023-02-13 21:15:09.328399"]]
  [1m[36mAnswerChoice Load (0.2ms)[0m  [1m[34mSELECT "answer_choices".* FROM "answer_choices" WHERE "answer_choices"."id" = $1 LIMIT $2[0m  [["id", 13], ["LIMIT", 1]]
  [1m[36mResponse Create (0.3ms)[0m  [1m[32mINSERT INTO "responses" ("respondent_id", "answer_choice_id", "created_at", "updated_at") VALUES ($1, $2, $3, $4) RETURNING "id"[0m  [["respondent_id", 1], ["answer_choice_id", 13], ["created_at", "2023-02-13 21:15:09.330968"], ["updated_at", "2023-02-13 21:15:09.330968"]]
  [1m[36mAnswerChoice Load (0.1ms)[0m  [1m[34mSELECT "answer_choices".* FROM "answer_choices" WHERE "answer_choices"."id" = $1 LIMIT $2[0m  [["id", 1], ["LIMIT", 1]]
  [1m[36mResponse Create (0.2ms)[0m  [1m[32mINSERT INTO "responses" ("respondent_id", "answer_choice_id", "created_at", "updated_at") VALUES ($1, $2, $3, $4) RETURNING "id"[0m  [["respondent_id", 2], ["answer_choice_id", 1], ["created_at", "2023-02-13 21:15:09.333483"], ["updated_at", "2023-02-13 21:15:09.333483"]]
  [1m[36mAnswerChoice Load (0.2ms)[0m  [1m[34mSELECT "answer_choices".* FROM "answer_choices" WHERE "answer_choices"."id" = $1 LIMIT $2[0m  [["id", 9], ["LIMIT", 1]]
  [1m[36mResponse Create (0.2ms)[0m  [1m[32mINSERT INTO "responses" ("respondent_id", "answer_choice_id", "created_at", "updated_at") VALUES ($1, $2, $3, $4) RETURNING "id"[0m  [["respondent_id", 2], ["answer_choice_id", 9], ["created_at", "2023-02-13 21:15:09.335893"], ["updated_at", "2023-02-13 21:15:09.335893"]]
  [1m[36mAnswerChoice Load (0.1ms)[0m  [1m[34mSELECT "answer_choices".* FROM "answer_choices" WHERE "answer_choices"."id" = $1 LIMIT $2[0m  [["id", 13], ["LIMIT", 1]]
  [1m[36mResponse Create (0.3ms)[0m  [1m[32mINSERT INTO "responses" ("respondent_id", "answer_choice_id", "created_at", "updated_at") VALUES ($1, $2, $3, $4) RETURNING "id"[0m  [["respondent_id", 2], ["answer_choice_id", 13], ["created_at", "2023-02-13 21:15:09.337956"], ["updated_at", "2023-02-13 21:15:09.337956"]]
  [1m[36mAnswerChoice Load (0.1ms)[0m  [1m[34mSELECT "answer_choices".* FROM "answer_choices" WHERE "answer_choices"."id" = $1 LIMIT $2[0m  [["id", 7], ["LIMIT", 1]]
  [1m[36mResponse Create (0.3ms)[0m  [1m[32mINSERT INTO "responses" ("respondent_id", "answer_choice_id", "created_at", "updated_at") VALUES ($1, $2, $3, $4) RETURNING "id"[0m  [["respondent_id", 1], ["answer_choice_id", 7], ["created_at", "2023-02-13 21:15:09.340385"], ["updated_at", "2023-02-13 21:15:09.340385"]]
  [1m[36mAnswerChoice Load (0.1ms)[0m  [1m[34mSELECT "answer_choices".* FROM "answer_choices" WHERE "answer_choices"."id" = $1 LIMIT $2[0m  [["id", 11], ["LIMIT", 1]]
  [1m[36mResponse Create (0.2ms)[0m  [1m[32mINSERT INTO "responses" ("respondent_id", "answer_choice_id", "created_at", "updated_at") VALUES ($1, $2, $3, $4) RETURNING "id"[0m  [["respondent_id", 1], ["answer_choice_id", 11], ["created_at", "2023-02-13 21:15:09.342763"], ["updated_at", "2023-02-13 21:15:09.342763"]]
  [1m[36mAnswerChoice Load (0.1ms)[0m  [1m[34mSELECT "answer_choices".* FROM "answer_choices" WHERE "answer_choices"."id" = $1 LIMIT $2[0m  [["id", 15], ["LIMIT", 1]]
  [1m[36mResponse Create (0.3ms)[0m  [1m[32mINSERT INTO "responses" ("respondent_id", "answer_choice_id", "created_at", "updated_at") VALUES ($1, $2, $3, $4) RETURNING "id"[0m  [["respondent_id", 1], ["answer_choice_id", 15], ["created_at", "2023-02-13 21:15:09.345179"], ["updated_at", "2023-02-13 21:15:09.345179"]]
  [1m[36mAnswerChoice Load (0.1ms)[0m  [1m[34mSELECT "answer_choices".* FROM "answer_choices" WHERE "answer_choices"."id" = $1 LIMIT $2[0m  [["id", 3], ["LIMIT", 1]]
  [1m[36mResponse Create (0.4ms)[0m  [1m[32mINSERT INTO "responses" ("respondent_id", "answer_choice_id", "created_at", "updated_at") VALUES ($1, $2, $3, $4) RETURNING "id"[0m  [["respondent_id", 3], ["answer_choice_id", 3], ["created_at", "2023-02-13 21:15:09.347965"], ["updated_at", "2023-02-13 21:15:09.347965"]]
  [1m[36mAnswerChoice Load (0.2ms)[0m  [1m[34mSELECT "answer_choices".* FROM "answer_choices" WHERE "answer_choices"."id" = $1 LIMIT $2[0m  [["id", 8], ["LIMIT", 1]]
  [1m[36mResponse Create (0.4ms)[0m  [1m[32mINSERT INTO "responses" ("respondent_id", "answer_choice_id", "created_at", "updated_at") VALUES ($1, $2, $3, $4) RETURNING "id"[0m  [["respondent_id", 3], ["answer_choice_id", 8], ["created_at", "2023-02-13 21:15:09.351418"], ["updated_at", "2023-02-13 21:15:09.351418"]]
  [1m[36mAnswerChoice Load (0.2ms)[0m  [1m[34mSELECT "answer_choices".* FROM "answer_choices" WHERE "answer_choices"."id" = $1 LIMIT $2[0m  [["id", 15], ["LIMIT", 1]]
  [1m[36mResponse Create (0.3ms)[0m  [1m[32mINSERT INTO "responses" ("respondent_id", "answer_choice_id", "created_at", "updated_at") VALUES ($1, $2, $3, $4) RETURNING "id"[0m  [["respondent_id", 3], ["answer_choice_id", 15], ["created_at", "2023-02-13 21:15:09.355156"], ["updated_at", "2023-02-13 21:15:09.355156"]]
  [1m[36mTRANSACTION (0.6ms)[0m  [1m[35mCOMMIT[0m
  [1m[36mUser Load (0.6ms)[0m  [1m[34mSELECT "users".* FROM "users"[0m
  [1m[36mPoll Load (0.6ms)[0m  [1m[34mSELECT "polls".* FROM "polls"[0m
  [1m[36mQuestion Load (0.7ms)[0m  [1m[34mSELECT "questions".* FROM "questions"[0m
  [1m[36mQuestion Load (1.1ms)[0m  [1m[34mSELECT "questions".* FROM "questions" INNER JOIN "answer_choices" ON "questions"."id" = "answer_choices"."question_id" WHERE "answer_choices"."id" = $1 LIMIT $2[0m  [["id", 2], ["LIMIT", 1]]
  [1m[36mResponse Load (2.2ms)[0m  [1m[34mSELECT "responses".* FROM "responses" INNER JOIN "answer_choices" ON "responses"."answer_choice_id" = "answer_choices"."id" WHERE "answer_choices"."question_id" = $1[0m  [["question_id", 1]]
  [1m[36mTRANSACTION (0.2ms)[0m  [1m[35mBEGIN[0m
  [1m[36mUser Load (0.5ms)[0m  [1m[34mSELECT "users".* FROM "users" WHERE "users"."id" = $1 LIMIT $2[0m  [["id", 2], ["LIMIT", 1]]
  [1m[36mAnswerChoice Load (0.2ms)[0m  [1m[34mSELECT "answer_choices".* FROM "answer_choices" WHERE "answer_choices"."id" = $1 LIMIT $2[0m  [["id", 2], ["LIMIT", 1]]
  [1m[36mResponse Create (2.0ms)[0m  [1m[32mINSERT INTO "responses" ("respondent_id", "answer_choice_id", "created_at", "updated_at") VALUES ($1, $2, $3, $4) RETURNING "id"[0m  [["respondent_id", 2], ["answer_choice_id", 2], ["created_at", "2023-02-13 21:54:07.557044"], ["updated_at", "2023-02-13 21:54:07.557044"]]
  [1m[36mTRANSACTION (2.0ms)[0m  [1m[35mCOMMIT[0m
  [1m[36mResponse Load (0.3ms)[0m  [1m[34mSELECT "responses".* FROM "responses" ORDER BY "responses"."id" ASC LIMIT $1[0m  [["LIMIT", 1]]
  [1m[36mResponse Load (0.3ms)[0m  [1m[34mSELECT "responses".* FROM "responses" ORDER BY "responses"."id" ASC LIMIT $1 OFFSET $2[0m  [["LIMIT", 1], ["OFFSET", 1]]
  [1m[36mResponse Load (0.3ms)[0m  [1m[34mSELECT "responses".* FROM "responses" ORDER BY "responses"."id" ASC LIMIT $1 OFFSET $2[0m  [["LIMIT", 1], ["OFFSET", 2]]
  [1m[36mQuestion Load (0.3ms)[0m  [1m[34mSELECT "questions".* FROM "questions" ORDER BY "questions"."id" ASC LIMIT $1[0m  [["LIMIT", 1]]
  [1m[36mResponse Load (0.4ms)[0m  [1m[34mSELECT "responses".* FROM "responses" INNER JOIN "answer_choices" ON "responses"."answer_choice_id" = "answer_choices"."id" WHERE "answer_choices"."question_id" = $1[0m  [["question_id", 1]]
  [1m[36mResponse Load (0.4ms)[0m  [1m[34mSELECT "responses".* FROM "responses" ORDER BY "responses"."id" ASC LIMIT $1[0m  [["LIMIT", 1]]
  [1m[36mQuestion Load (0.6ms)[0m  [1m[34mSELECT "questions".* FROM "questions" INNER JOIN "answer_choices" ON "questions"."id" = "answer_choices"."question_id" WHERE "answer_choices"."id" = $1 LIMIT $2[0m  [["id", 1], ["LIMIT", 1]]
  [1m[36mResponse Load (0.3ms)[0m  [1m[34mSELECT "responses".* FROM "responses" INNER JOIN "answer_choices" ON "responses"."answer_choice_id" = "answer_choices"."id" WHERE "answer_choices"."question_id" = $1[0m  [["question_id", 1]]
  [1m[36mResponse Load (0.2ms)[0m  [1m[34mSELECT "responses".* FROM "responses" ORDER BY "responses"."id" ASC LIMIT $1[0m  [["LIMIT", 1]]
  [1m[36mQuestion Load (0.3ms)[0m  [1m[34mSELECT "questions".* FROM "questions" INNER JOIN "answer_choices" ON "questions"."id" = "answer_choices"."question_id" WHERE "answer_choices"."id" = $1 LIMIT $2[0m  [["id", 1], ["LIMIT", 1]]
  [1m[36mResponse Load (4.8ms)[0m  [1m[34mSELECT "responses".* FROM "responses" INNER JOIN "answer_choices" ON "responses"."answer_choice_id" = "answer_choices"."id" WHERE "answer_choices"."question_id" = $1 AND (id != 1)[0m  [["question_id", 1]]
  [1m[36mResponse Load (0.9ms)[0m  [1m[34mSELECT "responses".* FROM "responses" INNER JOIN "answer_choices" ON "responses"."answer_choice_id" = "answer_choices"."id" WHERE "answer_choices"."question_id" = $1 AND (id != 1) /* loading for inspect */ LIMIT $2[0m  [["question_id", 1], ["LIMIT", 11]]
  [1m[36mResponse Load (0.5ms)[0m  [1m[34mSELECT "responses".* FROM "responses" INNER JOIN "answer_choices" ON "responses"."answer_choice_id" = "answer_choices"."id" WHERE "answer_choices"."question_id" = $1 AND (id != 1)[0m  [["question_id", 1]]
  [1m[36mResponse Load (0.7ms)[0m  [1m[34mSELECT "responses".* FROM "responses" INNER JOIN "answer_choices" ON "responses"."answer_choice_id" = "answer_choices"."id" WHERE "answer_choices"."question_id" = $1 AND (id != 1) /* loading for inspect */ LIMIT $2[0m  [["question_id", 1], ["LIMIT", 11]]
  [1m[36mResponse Load (0.6ms)[0m  [1m[34mSELECT "responses".* FROM "responses" INNER JOIN "answer_choices" ON "responses"."answer_choice_id" = "answer_choices"."id" WHERE "answer_choices"."question_id" = $1 AND (id != 1)[0m  [["question_id", 1]]
  [1m[36mResponse Load (1.5ms)[0m  [1m[34mSELECT "responses".* FROM "responses" INNER JOIN "answer_choices" ON "responses"."answer_choice_id" = "answer_choices"."id" WHERE "answer_choices"."question_id" = $1 AND (id != 1) /* loading for inspect */ LIMIT $2[0m  [["question_id", 1], ["LIMIT", 11]]
  [1m[36mResponse Load (0.7ms)[0m  [1m[34mSELECT "responses".* FROM "responses" INNER JOIN "answer_choices" ON "responses"."answer_choice_id" = "answer_choices"."id" WHERE "answer_choices"."question_id" = $1 AND (id != 1)[0m  [["question_id", 1]]
  [1m[36mResponse Load (1.4ms)[0m  [1m[34mSELECT "responses".* FROM "responses" INNER JOIN "answer_choices" ON "responses"."answer_choice_id" = "answer_choices"."id" WHERE "answer_choices"."question_id" = $1 AND (id != 1) /* loading for inspect */ LIMIT $2[0m  [["question_id", 1], ["LIMIT", 11]]
  [1m[36mResponse Load (0.5ms)[0m  [1m[34mSELECT "responses".* FROM "responses" INNER JOIN "answer_choices" ON "responses"."answer_choice_id" = "answer_choices"."id" WHERE "answer_choices"."question_id" = $1 AND (id != 1)[0m  [["question_id", 1]]
  [1m[36mResponse Load (0.9ms)[0m  [1m[34mSELECT "responses".* FROM "responses" INNER JOIN "answer_choices" ON "responses"."answer_choice_id" = "answer_choices"."id" WHERE "answer_choices"."question_id" = $1 AND (id != 1) /* loading for inspect */ LIMIT $2[0m  [["question_id", 1], ["LIMIT", 11]]
  [1m[36mResponse Load (0.5ms)[0m  [1m[34mSELECT "responses".* FROM "responses" INNER JOIN "answer_choices" ON "responses"."answer_choice_id" = "answer_choices"."id" WHERE "answer_choices"."question_id" = $1 AND (id != 1)[0m  [["question_id", 1]]
  [1m[36mResponse Load (0.7ms)[0m  [1m[34mSELECT "responses".* FROM "responses" INNER JOIN "answer_choices" ON "responses"."answer_choice_id" = "answer_choices"."id" WHERE "answer_choices"."question_id" = $1 AND (id != 1) /* loading for inspect */ LIMIT $2[0m  [["question_id", 1], ["LIMIT", 11]]
  [1m[36mResponse Load (0.6ms)[0m  [1m[34mSELECT "responses".* FROM "responses" INNER JOIN "answer_choices" ON "responses"."answer_choice_id" = "answer_choices"."id" WHERE "answer_choices"."question_id" = $1 AND (id != 1)[0m  [["question_id", 1]]
  [1m[36mResponse Load (0.5ms)[0m  [1m[34mSELECT "responses".* FROM "responses" INNER JOIN "answer_choices" ON "responses"."answer_choice_id" = "answer_choices"."id" WHERE "answer_choices"."question_id" = $1 AND (id != 1) /* loading for inspect */ LIMIT $2[0m  [["question_id", 1], ["LIMIT", 11]]
  [1m[36mResponse Load (0.3ms)[0m  [1m[34mSELECT "responses".* FROM "responses" ORDER BY "responses"."id" ASC LIMIT $1[0m  [["LIMIT", 1]]
  [1m[36mQuestion Load (0.7ms)[0m  [1m[34mSELECT "questions".* FROM "questions" INNER JOIN "answer_choices" ON "questions"."id" = "answer_choices"."question_id" WHERE "answer_choices"."id" = $1 LIMIT $2[0m  [["id", 1], ["LIMIT", 1]]
  [1m[36mResponse Load (0.3ms)[0m  [1m[34mSELECT "responses".* FROM "responses" INNER JOIN "answer_choices" ON "responses"."answer_choice_id" = "answer_choices"."id" WHERE "answer_choices"."question_id" = $1[0m  [["question_id", 1]]
  [1m[36mResponse Load (0.4ms)[0m  [1m[34mSELECT "responses".* FROM "responses" ORDER BY "responses"."id" ASC LIMIT $1[0m  [["LIMIT", 1]]
  [1m[36mQuestion Load (1.0ms)[0m  [1m[34mSELECT "questions".* FROM "questions" INNER JOIN "answer_choices" ON "questions"."id" = "answer_choices"."question_id" WHERE "answer_choices"."id" = $1 LIMIT $2[0m  [["id", 1], ["LIMIT", 1]]
  [1m[36mResponse Load (1.1ms)[0m  [1m[34mSELECT "responses".* FROM "responses" INNER JOIN "answer_choices" ON "responses"."answer_choice_id" = "answer_choices"."id" WHERE "answer_choices"."question_id" = $1 AND NOT (responses.id = 1)[0m  [["question_id", 1]]
  [1m[36mResponse Load (0.3ms)[0m  [1m[34mSELECT "responses".* FROM "responses" ORDER BY "responses"."id" ASC LIMIT $1[0m  [["LIMIT", 1]]
  [1m[36mQuestion Load (0.6ms)[0m  [1m[34mSELECT "questions".* FROM "questions" INNER JOIN "answer_choices" ON "questions"."id" = "answer_choices"."question_id" WHERE "answer_choices"."id" = $1 LIMIT $2[0m  [["id", 1], ["LIMIT", 1]]
  [1m[36mResponse Load (0.6ms)[0m  [1m[34mSELECT "responses".* FROM "responses" INNER JOIN "answer_choices" ON "responses"."answer_choice_id" = "answer_choices"."id" WHERE "answer_choices"."question_id" = $1 AND NOT (responses.id = 1)[0m  [["question_id", 1]]
